<?xml version="1.0" encoding="UTF-8"?>
<coverage generated="1780590508749" clover="3.2.0">
  <project timestamp="1780590508749" name="All files">
    <metrics statements="547" coveredstatements="525" conditionals="275" coveredconditionals="256" methods="65" coveredmethods="63" elements="887" coveredelements="844" complexity="0" loc="547" ncloc="547" packages="5" files="15" classes="15"/>
    <package name="extension.src.content">
      <metrics statements="84" coveredstatements="82" conditionals="38" coveredconditionals="37" methods="12" coveredmethods="12"/>
      <file name="api.ts" path="/Users/alexyanchenko/code/your-org/pr-walkthrough/packages/extension/src/content/api.ts">
        <metrics statements="19" coveredstatements="17" conditionals="9" coveredconditionals="8" methods="1" coveredmethods="1"/>
        <line num="13" count="1" type="cond" truecount="1" falsecount="0"/>
        <line num="14" count="5" type="cond" truecount="1" falsecount="0"/>
        <line num="17" count="5" type="cond" truecount="1" falsecount="0"/>
        <line num="18" count="1" type="stmt"/>
        <line num="19" count="1" type="stmt"/>
        <line num="20" count="1" type="cond" truecount="1" falsecount="0"/>
        <line num="21" count="4" type="stmt"/>
        <line num="22" count="4" type="cond" truecount="1" falsecount="0"/>
        <line num="23" count="4" type="stmt"/>
        <line num="24" count="4" type="cond" truecount="1" falsecount="0"/>
        <line num="25" count="1" type="stmt"/>
        <line num="26" count="1" type="stmt"/>
        <line num="27" count="1" type="cond" truecount="1" falsecount="0"/>
        <line num="28" count="4" type="cond" truecount="1" falsecount="0"/>
        <line num="29" count="4" type="stmt"/>
        <line num="30" count="5" type="cond" truecount="0" falsecount="1"/>
        <line num="31" count="0" type="stmt"/>
        <line num="32" count="0" type="stmt"/>
        <line num="33" count="5" type="stmt"/>
      </file>
      <file name="bifrost.ts" path="/Users/alexyanchenko/code/your-org/pr-walkthrough/packages/extension/src/content/bifrost.ts">
        <metrics statements="33" coveredstatements="33" conditionals="14" coveredconditionals="14" methods="7" coveredmethods="7"/>
        <line num="68" count="2" type="cond" truecount="1" falsecount="0"/>
        <line num="69" count="22" type="stmt"/>
        <line num="70" count="22" type="stmt"/>
        <line num="72" count="22" type="cond" truecount="1" falsecount="0"/>
        <line num="73" count="75" type="stmt"/>
        <line num="74" count="75" type="cond" truecount="1" falsecount="0"/>
        <line num="75" count="69" type="stmt"/>
        <line num="76" count="69" type="stmt"/>
        <line num="77" count="69" type="stmt"/>
        <line num="78" count="75" type="stmt"/>
        <line num="79" count="75" type="cond" truecount="1" falsecount="0"/>
        <line num="80" count="15" type="stmt"/>
        <line num="81" count="15" type="stmt"/>
        <line num="82" count="75" type="stmt"/>
        <line num="84" count="22" type="cond" truecount="1" falsecount="0"/>
        <line num="85" count="65" type="stmt"/>
        <line num="86" count="65" type="cond" truecount="2" falsecount="0"/>
        <line num="87" count="65" type="cond" truecount="1" falsecount="0"/>
        <line num="88" count="49" type="stmt"/>
        <line num="89" count="49" type="stmt"/>
        <line num="90" count="49" type="cond" truecount="1" falsecount="0"/>
        <line num="91" count="1" type="stmt"/>
        <line num="92" count="1" type="stmt"/>
        <line num="93" count="49" type="cond" truecount="1" falsecount="0"/>
        <line num="94" count="65" type="stmt"/>
        <line num="96" count="22" type="stmt"/>
        <line num="97" count="22" type="cond" truecount="1" falsecount="0"/>
        <line num="98" count="22" type="cond" truecount="1" falsecount="0"/>
        <line num="99" count="22" type="cond" truecount="1" falsecount="0"/>
        <line num="100" count="22" type="cond" truecount="1" falsecount="0"/>
        <line num="101" count="22" type="stmt"/>
        <line num="102" count="22" type="stmt"/>
        <line num="105" count="2" type="stmt"/>
      </file>
      <file name="muninn.ts" path="/Users/alexyanchenko/code/your-org/pr-walkthrough/packages/extension/src/content/muninn.ts">
        <metrics statements="20" coveredstatements="20" conditionals="8" coveredconditionals="8" methods="3" coveredmethods="3"/>
        <line num="5" count="1" type="cond" truecount="1" falsecount="0"/>
        <line num="6" count="2" type="cond" truecount="1" falsecount="0"/>
        <line num="7" count="2" type="stmt"/>
        <line num="8" count="2" type="cond" truecount="1" falsecount="0"/>
        <line num="9" count="2" type="cond" truecount="1" falsecount="0"/>
        <line num="10" count="1" type="stmt"/>
        <line num="11" count="1" type="stmt"/>
        <line num="12" count="2" type="stmt"/>
        <line num="13" count="1" type="cond" truecount="1" falsecount="0"/>
        <line num="14" count="2" type="stmt"/>
        <line num="15" count="2" type="stmt"/>
        <line num="16" count="2" type="cond" truecount="1" falsecount="0"/>
        <line num="18" count="1" type="stmt"/>
        <line num="19" count="2" type="stmt"/>
        <line num="20" count="1" type="cond" truecount="1" falsecount="0"/>
        <line num="21" count="2" type="stmt"/>
        <line num="22" count="2" type="stmt"/>
        <line num="23" count="2" type="cond" truecount="1" falsecount="0"/>
        <line num="25" count="1" type="stmt"/>
        <line num="26" count="2" type="stmt"/>
      </file>
      <file name="sanitize.ts" path="/Users/alexyanchenko/code/your-org/pr-walkthrough/packages/extension/src/content/sanitize.ts">
        <metrics statements="12" coveredstatements="12" conditionals="7" coveredconditionals="7" methods="1" coveredmethods="1"/>
        <line num="6" count="1" type="stmt"/>
        <line num="8" count="1" type="cond" truecount="1" falsecount="0"/>
        <line num="9" count="7" type="stmt"/>
        <line num="10" count="7" type="cond" truecount="1" falsecount="0"/>
        <line num="11" count="7" type="cond" truecount="1" falsecount="0"/>
        <line num="12" count="14" type="cond" truecount="1" falsecount="0"/>
        <line num="13" count="15" type="cond" truecount="2" falsecount="0"/>
        <line num="14" count="12" type="cond" truecount="1" falsecount="0"/>
        <line num="15" count="14" type="stmt"/>
        <line num="16" count="14" type="stmt"/>
        <line num="17" count="14" type="stmt"/>
        <line num="18" count="14" type="stmt"/>
      </file>
    </package>
    <package name="extension.src.content.asgard">
      <metrics statements="3" coveredstatements="3" conditionals="1" coveredconditionals="1" methods="1" coveredmethods="1"/>
      <file name="App.tsx" path="/Users/alexyanchenko/code/your-org/pr-walkthrough/packages/extension/src/content/asgard/App.tsx">
        <metrics statements="3" coveredstatements="3" conditionals="1" coveredconditionals="1" methods="1" coveredmethods="1"/>
        <line num="4" count="1" type="cond" truecount="1" falsecount="0"/>
        <line num="5" count="1" type="stmt"/>
        <line num="6" count="1" type="stmt"/>
      </file>
    </package>
    <package name="extension.src.content.midgard">
      <metrics statements="352" coveredstatements="352" conditionals="180" coveredconditionals="164" methods="38" coveredmethods="38"/>
      <file name="connect.ts" path="/Users/alexyanchenko/code/your-org/pr-walkthrough/packages/extension/src/content/midgard/connect.ts">
        <metrics statements="20" coveredstatements="20" conditionals="12" coveredconditionals="12" methods="1" coveredmethods="1"/>
        <line num="1" count="1" type="stmt"/>
        <line num="8" count="1" type="cond" truecount="1" falsecount="0"/>
        <line num="9" count="9" type="stmt"/>
        <line num="10" count="9" type="cond" truecount="1" falsecount="0"/>
        <line num="11" count="9" type="cond" truecount="1" falsecount="0"/>
        <line num="12" count="9" type="cond" truecount="1" falsecount="0"/>
        <line num="13" count="3" type="stmt"/>
        <line num="14" count="3" type="cond" truecount="2" falsecount="0"/>
        <line num="15" count="9" type="stmt"/>
        <line num="16" count="9" type="cond" truecount="1" falsecount="0"/>
        <line num="17" count="9" type="cond" truecount="1" falsecount="0"/>
        <line num="18" count="2" type="cond" truecount="1" falsecount="0"/>
        <line num="19" count="9" type="stmt"/>
        <line num="20" count="9" type="cond" truecount="1" falsecount="0"/>
        <line num="23" count="1" type="stmt"/>
        <line num="24" count="1" type="stmt"/>
        <line num="25" count="9" type="stmt"/>
        <line num="26" count="9" type="stmt"/>
        <line num="27" count="9" type="cond" truecount="2" falsecount="0"/>
        <line num="28" count="9" type="stmt"/>
      </file>
      <file name="diff.ts" path="/Users/alexyanchenko/code/your-org/pr-walkthrough/packages/extension/src/content/midgard/diff.ts">
        <metrics statements="105" coveredstatements="105" conditionals="77" coveredconditionals="72" methods="16" coveredmethods="16"/>
        <line num="31" count="1" type="cond" truecount="1" falsecount="0"/>
        <line num="32" count="36" type="cond" truecount="2" falsecount="0"/>
        <line num="33" count="35" type="stmt"/>
        <line num="34" count="36" type="cond" truecount="2" falsecount="0"/>
        <line num="35" count="36" type="cond" truecount="1" falsecount="0"/>
        <line num="36" count="32" type="cond" truecount="0" falsecount="1"/>
        <line num="37" count="32" type="stmt"/>
        <line num="38" count="32" type="stmt"/>
        <line num="39" count="32" type="stmt"/>
        <line num="40" count="32" type="cond" truecount="1" falsecount="0"/>
        <line num="41" count="32" type="cond" truecount="2" falsecount="0"/>
        <line num="42" count="36" type="cond" truecount="1" falsecount="0"/>
        <line num="43" count="36" type="cond" truecount="2" falsecount="0"/>
        <line num="44" count="36" type="cond" truecount="2" falsecount="0"/>
        <line num="45" count="36" type="stmt"/>
        <line num="47" count="1" type="cond" truecount="1" falsecount="0"/>
        <line num="48" count="9" type="cond" truecount="0" falsecount="1"/>
        <line num="49" count="9" type="cond" truecount="3" falsecount="0"/>
        <line num="50" count="9" type="cond" truecount="0" falsecount="1"/>
        <line num="51" count="9" type="stmt"/>
        <line num="54" count="1" type="cond" truecount="1" falsecount="0"/>
        <line num="55" count="18" type="cond" truecount="0" falsecount="1"/>
        <line num="56" count="18" type="stmt"/>
        <line num="57" count="18" type="cond" truecount="1" falsecount="0"/>
        <line num="58" count="18" type="cond" truecount="1" falsecount="0"/>
        <line num="59" count="6" type="stmt"/>
        <line num="60" count="6" type="stmt"/>
        <line num="64" count="1" type="cond" truecount="1" falsecount="0"/>
        <line num="65" count="3" type="cond" truecount="2" falsecount="0"/>
        <line num="66" count="2" type="stmt"/>
        <line num="67" count="2" type="stmt"/>
        <line num="68" count="3" type="cond" truecount="1" falsecount="0"/>
        <line num="69" count="6" type="cond" truecount="1" falsecount="0"/>
        <line num="70" count="3" type="stmt"/>
        <line num="71" count="3" type="stmt"/>
        <line num="72" count="3" type="stmt"/>
        <line num="73" count="3" type="stmt"/>
        <line num="74" count="3" type="stmt"/>
        <line num="75" count="3" type="stmt"/>
        <line num="76" count="6" type="cond" truecount="1" falsecount="0"/>
        <line num="77" count="3" type="cond" truecount="2" falsecount="0"/>
        <line num="78" count="3" type="stmt"/>
        <line num="80" count="1" type="cond" truecount="1" falsecount="0"/>
        <line num="81" count="21" type="stmt"/>
        <line num="82" count="21" type="cond" truecount="2" falsecount="0"/>
        <line num="83" count="21" type="stmt"/>
        <line num="84" count="1" type="cond" truecount="1" falsecount="0"/>
        <line num="85" count="3" type="cond" truecount="1" falsecount="0"/>
        <line num="86" count="8" type="cond" truecount="1" falsecount="0"/>
        <line num="87" count="8" type="cond" truecount="1" falsecount="0"/>
        <line num="88" count="1" type="stmt"/>
        <line num="89" count="1" type="stmt"/>
        <line num="91" count="1" type="cond" truecount="1" falsecount="0"/>
        <line num="92" count="32" type="stmt"/>
        <line num="93" count="32" type="cond" truecount="2" falsecount="0"/>
        <line num="94" count="32" type="stmt"/>
        <line num="99" count="1" type="cond" truecount="1" falsecount="0"/>
        <line num="101" count="1" type="cond" truecount="1" falsecount="0"/>
        <line num="102" count="90" type="stmt"/>
        <line num="103" count="1" type="cond" truecount="1" falsecount="0"/>
        <line num="104" count="33" type="stmt"/>
        <line num="105" count="33" type="cond" truecount="2" falsecount="1"/>
        <line num="106" count="33" type="stmt"/>
        <line num="107" count="1" type="cond" truecount="1" falsecount="0"/>
        <line num="108" count="9" type="stmt"/>
        <line num="109" count="9" type="stmt"/>
        <line num="110" count="9" type="stmt"/>
        <line num="111" count="9" type="cond" truecount="2" falsecount="0"/>
        <line num="112" count="9" type="cond" truecount="2" falsecount="0"/>
        <line num="113" count="8" type="stmt"/>
        <line num="114" count="8" type="stmt"/>
        <line num="117" count="1" type="cond" truecount="1" falsecount="0"/>
        <line num="118" count="3" type="cond" truecount="2" falsecount="0"/>
        <line num="119" count="2" type="stmt"/>
        <line num="120" count="2" type="stmt"/>
        <line num="121" count="2" type="cond" truecount="1" falsecount="0"/>
        <line num="122" count="6" type="stmt"/>
        <line num="123" count="6" type="stmt"/>
        <line num="124" count="2" type="stmt"/>
        <line num="125" count="2" type="stmt"/>
        <line num="126" count="1" type="cond" truecount="1" falsecount="0"/>
        <line num="127" count="1" type="cond" truecount="1" falsecount="0"/>
        <line num="128" count="13" type="cond" truecount="2" falsecount="0"/>
        <line num="133" count="1" type="cond" truecount="1" falsecount="0"/>
        <line num="134" count="5" type="cond" truecount="1" falsecount="0"/>
        <line num="135" count="15" type="stmt"/>
        <line num="136" count="15" type="stmt"/>
        <line num="137" count="15" type="stmt"/>
        <line num="142" count="1" type="cond" truecount="1" falsecount="0"/>
        <line num="143" count="13" type="cond" truecount="2" falsecount="0"/>
        <line num="144" count="13" type="cond" truecount="2" falsecount="0"/>
        <line num="145" count="5" type="stmt"/>
        <line num="146" count="7" type="cond" truecount="2" falsecount="0"/>
        <line num="147" count="7" type="cond" truecount="3" falsecount="0"/>
        <line num="148" count="1" type="stmt"/>
        <line num="149" count="1" type="stmt"/>
        <line num="150" count="7" type="cond" truecount="1" falsecount="0"/>
        <line num="151" count="2" type="stmt"/>
        <line num="152" count="2" type="cond" truecount="1" falsecount="0"/>
        <line num="153" count="1" type="stmt"/>
        <line num="154" count="1" type="stmt"/>
        <line num="155" count="1" type="stmt"/>
        <line num="156" count="2" type="cond" truecount="1" falsecount="0"/>
        <line num="157" count="1" type="stmt"/>
        <line num="158" count="1" type="stmt"/>
      </file>
      <file name="grip.ts" path="/Users/alexyanchenko/code/your-org/pr-walkthrough/packages/extension/src/content/midgard/grip.ts">
        <metrics statements="138" coveredstatements="138" conditionals="40" coveredconditionals="30" methods="12" coveredmethods="12"/>
        <line num="1" count="1" type="stmt"/>
        <line num="22" count="1" type="stmt"/>
        <line num="23" count="1" type="cond" truecount="1" falsecount="0"/>
        <line num="24" count="7" type="stmt"/>
        <line num="31" count="1" type="cond" truecount="1" falsecount="0"/>
        <line num="32" count="1" type="stmt"/>
        <line num="33" count="1" type="stmt"/>
        <line num="34" count="1" type="stmt"/>
        <line num="35" count="1" type="stmt"/>
        <line num="36" count="1" type="stmt"/>
        <line num="37" count="1" type="stmt"/>
        <line num="39" count="1" type="cond" truecount="1" falsecount="0"/>
        <line num="40" count="8" type="stmt"/>
        <line num="41" count="1" type="stmt"/>
        <line num="43" count="1" type="cond" truecount="1" falsecount="0"/>
        <line num="44" count="13" type="stmt"/>
        <line num="45" count="13" type="cond" truecount="1" falsecount="0"/>
        <line num="46" count="13" type="stmt"/>
        <line num="47" count="1" type="stmt"/>
        <line num="51" count="1" type="cond" truecount="1" falsecount="0"/>
        <line num="52" count="7" type="stmt"/>
        <line num="53" count="7" type="stmt"/>
        <line num="54" count="7" type="cond" truecount="0" falsecount="1"/>
        <line num="55" count="7" type="stmt"/>
        <line num="56" count="7" type="stmt"/>
        <line num="57" count="7" type="stmt"/>
        <line num="58" count="7" type="stmt"/>
        <line num="59" count="7" type="stmt"/>
        <line num="60" count="7" type="stmt"/>
        <line num="61" count="7" type="cond" truecount="0" falsecount="1"/>
        <line num="62" count="7" type="stmt"/>
        <line num="63" count="7" type="stmt"/>
        <line num="64" count="7" type="stmt"/>
        <line num="66" count="1" type="cond" truecount="1" falsecount="0"/>
        <line num="67" count="7" type="cond" truecount="2" falsecount="0"/>
        <line num="68" count="1" type="stmt"/>
        <line num="69" count="1" type="stmt"/>
        <line num="70" count="1" type="stmt"/>
        <line num="71" count="1" type="stmt"/>
        <line num="72" count="1" type="stmt"/>
        <line num="73" count="1" type="stmt"/>
        <line num="74" count="1" type="stmt"/>
        <line num="75" count="1" type="stmt"/>
        <line num="76" count="7" type="stmt"/>
        <line num="77" count="1" type="cond" truecount="1" falsecount="0"/>
        <line num="78" count="5" type="cond" truecount="1" falsecount="0"/>
        <line num="79" count="1" type="stmt"/>
        <line num="80" count="1" type="stmt"/>
        <line num="81" count="1" type="stmt"/>
        <line num="82" count="1" type="stmt"/>
        <line num="83" count="1" type="stmt"/>
        <line num="84" count="5" type="stmt"/>
        <line num="85" count="5" type="stmt"/>
        <line num="87" count="1" type="cond" truecount="1" falsecount="0"/>
        <line num="88" count="7" type="stmt"/>
        <line num="89" count="7" type="cond" truecount="0" falsecount="1"/>
        <line num="90" count="7" type="stmt"/>
        <line num="92" count="7" type="stmt"/>
        <line num="93" count="7" type="stmt"/>
        <line num="94" count="7" type="stmt"/>
        <line num="95" count="7" type="stmt"/>
        <line num="96" count="7" type="stmt"/>
        <line num="98" count="1" type="cond" truecount="1" falsecount="0"/>
        <line num="99" count="5" type="stmt"/>
        <line num="100" count="5" type="stmt"/>
        <line num="101" count="5" type="cond" truecount="1" falsecount="0"/>
        <line num="102" count="6" type="stmt"/>
        <line num="103" count="6" type="cond" truecount="2" falsecount="0"/>
        <line num="104" count="6" type="stmt"/>
        <line num="105" count="6" type="stmt"/>
        <line num="106" count="6" type="stmt"/>
        <line num="107" count="6" type="cond" truecount="1" falsecount="0"/>
        <line num="108" count="3" type="cond" truecount="1" falsecount="0"/>
        <line num="109" count="3" type="cond" truecount="2" falsecount="0"/>
        <line num="110" count="2" type="stmt"/>
        <line num="111" count="2" type="stmt"/>
        <line num="112" count="3" type="stmt"/>
        <line num="113" count="6" type="stmt"/>
        <line num="114" count="6" type="stmt"/>
        <line num="116" count="5" type="cond" truecount="1" falsecount="0"/>
        <line num="117" count="5" type="stmt"/>
        <line num="118" count="5" type="stmt"/>
        <line num="119" count="5" type="stmt"/>
        <line num="120" count="5" type="stmt"/>
        <line num="123" count="5" type="stmt"/>
        <line num="124" count="5" type="stmt"/>
        <line num="125" count="5" type="stmt"/>
        <line num="127" count="1" type="cond" truecount="1" falsecount="0"/>
        <line num="128" count="5" type="stmt"/>
        <line num="129" count="5" type="stmt"/>
        <line num="130" count="5" type="cond" truecount="0" falsecount="1"/>
        <line num="131" count="5" type="stmt"/>
        <line num="132" count="5" type="stmt"/>
        <line num="133" count="5" type="stmt"/>
        <line num="134" count="5" type="stmt"/>
        <line num="135" count="5" type="stmt"/>
        <line num="136" count="5" type="stmt"/>
        <line num="137" count="5" type="stmt"/>
        <line num="138" count="5" type="stmt"/>
        <line num="139" count="5" type="stmt"/>
        <line num="140" count="5" type="cond" truecount="1" falsecount="0"/>
        <line num="141" count="1" type="stmt"/>
        <line num="144" count="1" type="stmt"/>
        <line num="145" count="1" type="stmt"/>
        <line num="146" count="1" type="stmt"/>
        <line num="147" count="5" type="cond" truecount="1" falsecount="0"/>
        <line num="148" count="5" type="stmt"/>
        <line num="149" count="5" type="stmt"/>
        <line num="150" count="5" type="stmt"/>
        <line num="151" count="5" type="stmt"/>
        <line num="152" count="5" type="cond" truecount="0" falsecount="1"/>
        <line num="153" count="5" type="stmt"/>
        <line num="154" count="5" type="stmt"/>
        <line num="155" count="5" type="stmt"/>
        <line num="156" count="5" type="stmt"/>
        <line num="157" count="5" type="stmt"/>
        <line num="158" count="5" type="stmt"/>
        <line num="159" count="5" type="stmt"/>
        <line num="160" count="5" type="stmt"/>
        <line num="161" count="5" type="stmt"/>
        <line num="162" count="5" type="stmt"/>
        <line num="163" count="5" type="stmt"/>
        <line num="165" count="1" type="cond" truecount="1" falsecount="0"/>
        <line num="166" count="9" type="cond" truecount="0" falsecount="1"/>
        <line num="167" count="9" type="cond" truecount="0" falsecount="1"/>
        <line num="168" count="9" type="cond" truecount="0" falsecount="1"/>
        <line num="169" count="9" type="cond" truecount="1" falsecount="1"/>
        <line num="170" count="9" type="cond" truecount="1" falsecount="1"/>
        <line num="171" count="9" type="stmt"/>
        <line num="172" count="9" type="cond" truecount="1" falsecount="0"/>
        <line num="173" count="8" type="stmt"/>
        <line num="174" count="8" type="stmt"/>
        <line num="175" count="8" type="cond" truecount="1" falsecount="0"/>
        <line num="176" count="9" type="cond" truecount="1" falsecount="0"/>
        <line num="177" count="1" type="stmt"/>
        <line num="178" count="1" type="stmt"/>
        <line num="179" count="1" type="stmt"/>
        <line num="180" count="1" type="stmt"/>
      </file>
      <file name="midgard.ts" path="/Users/alexyanchenko/code/your-org/pr-walkthrough/packages/extension/src/content/midgard/midgard.ts">
        <metrics statements="89" coveredstatements="89" conditionals="51" coveredconditionals="50" methods="9" coveredmethods="9"/>
        <line num="1" count="1" type="stmt"/>
        <line num="33" count="1" type="cond" truecount="1" falsecount="0"/>
        <line num="34" count="32" type="cond" truecount="1" falsecount="0"/>
        <line num="38" count="1" type="cond" truecount="1" falsecount="0"/>
        <line num="39" count="30" type="stmt"/>
        <line num="40" count="30" type="stmt"/>
        <line num="41" count="30" type="cond" truecount="2" falsecount="0"/>
        <line num="42" count="8" type="stmt"/>
        <line num="43" count="8" type="stmt"/>
        <line num="44" count="8" type="stmt"/>
        <line num="45" count="8" type="cond" truecount="1" falsecount="0"/>
        <line num="46" count="15" type="stmt"/>
        <line num="47" count="15" type="cond" truecount="2" falsecount="0"/>
        <line num="48" count="15" type="stmt"/>
        <line num="49" count="8" type="stmt"/>
        <line num="50" count="30" type="cond" truecount="2" falsecount="0"/>
        <line num="51" count="1" type="cond" truecount="1" falsecount="0"/>
        <line num="52" count="1" type="stmt"/>
        <line num="53" count="1" type="stmt"/>
        <line num="54" count="1" type="stmt"/>
        <line num="55" count="1" type="cond" truecount="1" falsecount="0"/>
        <line num="56" count="8" type="cond" truecount="1" falsecount="0"/>
        <line num="57" count="8" type="stmt"/>
        <line num="58" count="8" type="stmt"/>
        <line num="60" count="1" type="cond" truecount="1" falsecount="0"/>
        <line num="61" count="24" type="cond" truecount="1" falsecount="0"/>
        <line num="63" count="1" type="cond" truecount="1" falsecount="0"/>
        <line num="64" count="22" type="stmt"/>
        <line num="65" count="22" type="cond" truecount="1" falsecount="0"/>
        <line num="66" count="22" type="stmt"/>
        <line num="71" count="1" type="cond" truecount="1" falsecount="0"/>
        <line num="72" count="8" type="cond" truecount="1" falsecount="1"/>
        <line num="73" count="8" type="cond" truecount="3" falsecount="0"/>
        <line num="74" count="6" type="stmt"/>
        <line num="75" count="6" type="stmt"/>
        <line num="76" count="6" type="stmt"/>
        <line num="77" count="8" type="cond" truecount="1" falsecount="0"/>
        <line num="78" count="13" type="stmt"/>
        <line num="79" count="13" type="cond" truecount="1" falsecount="0"/>
        <line num="80" count="14" type="cond" truecount="1" falsecount="0"/>
        <line num="81" count="8" type="stmt"/>
        <line num="82" count="8" type="stmt"/>
        <line num="83" count="8" type="stmt"/>
        <line num="84" count="14" type="stmt"/>
        <line num="85" count="13" type="cond" truecount="1" falsecount="0"/>
        <line num="86" count="5" type="stmt"/>
        <line num="87" count="5" type="stmt"/>
        <line num="88" count="5" type="stmt"/>
        <line num="89" count="5" type="stmt"/>
        <line num="90" count="13" type="cond" truecount="1" falsecount="0"/>
        <line num="91" count="1" type="stmt"/>
        <line num="92" count="1" type="stmt"/>
        <line num="97" count="1" type="cond" truecount="1" falsecount="0"/>
        <line num="98" count="4" type="stmt"/>
        <line num="99" count="4" type="cond" truecount="1" falsecount="0"/>
        <line num="100" count="4" type="stmt"/>
        <line num="101" count="4" type="cond" truecount="1" falsecount="0"/>
        <line num="102" count="24" type="stmt"/>
        <line num="103" count="24" type="cond" truecount="1" falsecount="0"/>
        <line num="104" count="3" type="stmt"/>
        <line num="105" count="24" type="cond" truecount="2" falsecount="0"/>
        <line num="106" count="20" type="stmt"/>
        <line num="107" count="20" type="stmt"/>
        <line num="108" count="24" type="stmt"/>
        <line num="109" count="4" type="stmt"/>
        <line num="110" count="4" type="stmt"/>
        <line num="113" count="1" type="cond" truecount="1" falsecount="0"/>
        <line num="114" count="10" type="stmt"/>
        <line num="115" count="10" type="cond" truecount="2" falsecount="0"/>
        <line num="116" count="5" type="stmt"/>
        <line num="117" count="5" type="stmt"/>
        <line num="118" count="5" type="cond" truecount="2" falsecount="0"/>
        <line num="119" count="5" type="cond" truecount="1" falsecount="0"/>
        <line num="120" count="3" type="stmt"/>
        <line num="121" count="3" type="stmt"/>
        <line num="125" count="1" type="cond" truecount="1" falsecount="0"/>
        <line num="126" count="6" type="stmt"/>
        <line num="127" count="6" type="cond" truecount="3" falsecount="0"/>
        <line num="128" count="4" type="stmt"/>
        <line num="129" count="4" type="stmt"/>
        <line num="130" count="6" type="cond" truecount="4" falsecount="0"/>
        <line num="131" count="6" type="cond" truecount="1" falsecount="0"/>
        <line num="132" count="3" type="stmt"/>
        <line num="133" count="3" type="stmt"/>
        <line num="134" count="6" type="cond" truecount="1" falsecount="0"/>
        <line num="135" count="1" type="stmt"/>
        <line num="136" count="1" type="cond" truecount="1" falsecount="0"/>
        <line num="137" count="4" type="stmt"/>
        <line num="138" count="4" type="stmt"/>
      </file>
    </package>
    <package name="mimir.src">
      <metrics statements="54" coveredstatements="34" conditionals="31" coveredconditionals="30" methods="8" coveredmethods="6"/>
      <file name="guard.ts" path="/Users/alexyanchenko/code/your-org/pr-walkthrough/packages/mimir/src/guard.ts">
        <metrics statements="54" coveredstatements="34" conditionals="31" coveredconditionals="30" methods="8" coveredmethods="6"/>
        <line num="1" count="1" type="stmt"/>
        <line num="14" count="1" type="stmt"/>
        <line num="17" count="1" type="stmt"/>
        <line num="19" count="1" type="cond" truecount="1" falsecount="0"/>
        <line num="24" count="1" type="cond" truecount="1" falsecount="0"/>
        <line num="25" count="15" type="cond" truecount="2" falsecount="0"/>
        <line num="26" count="15" type="cond" truecount="2" falsecount="0"/>
        <line num="27" count="5" type="stmt"/>
        <line num="28" count="5" type="stmt"/>
        <line num="41" count="1" type="cond" truecount="1" falsecount="0"/>
        <line num="42" count="8" type="cond" truecount="2" falsecount="0"/>
        <line num="43" count="8" type="cond" truecount="2" falsecount="0"/>
        <line num="44" count="8" type="cond" truecount="2" falsecount="0"/>
        <line num="45" count="8" type="cond" truecount="3" falsecount="0"/>
        <line num="46" count="3" type="stmt"/>
        <line num="47" count="3" type="stmt"/>
        <line num="50" count="1" type="stmt"/>
        <line num="51" count="0" type="stmt"/>
        <line num="52" count="0" type="stmt"/>
        <line num="53" count="0" type="stmt"/>
        <line num="54" count="0" type="stmt"/>
        <line num="55" count="0" type="stmt"/>
        <line num="56" count="0" type="stmt"/>
        <line num="57" count="0" type="stmt"/>
        <line num="58" count="0" type="stmt"/>
        <line num="59" count="0" type="stmt"/>
        <line num="60" count="0" type="stmt"/>
        <line num="61" count="0" type="stmt"/>
        <line num="66" count="1" type="stmt"/>
        <line num="67" count="0" type="stmt"/>
        <line num="68" count="0" type="stmt"/>
        <line num="69" count="0" type="stmt"/>
        <line num="70" count="0" type="stmt"/>
        <line num="71" count="0" type="stmt"/>
        <line num="72" count="0" type="stmt"/>
        <line num="73" count="0" type="stmt"/>
        <line num="74" count="0" type="stmt"/>
        <line num="75" count="0" type="stmt"/>
        <line num="78" count="5" type="cond" truecount="1" falsecount="0"/>
        <line num="79" count="5" type="cond" truecount="0" falsecount="1"/>
        <line num="80" count="5" type="stmt"/>
        <line num="81" count="5" type="stmt"/>
        <line num="82" count="5" type="cond" truecount="2" falsecount="0"/>
        <line num="83" count="4" type="stmt"/>
        <line num="84" count="5" type="cond" truecount="4" falsecount="0"/>
        <line num="85" count="5" type="cond" truecount="1" falsecount="0"/>
        <line num="86" count="1" type="stmt"/>
        <line num="87" count="1" type="stmt"/>
        <line num="88" count="5" type="stmt"/>
        <line num="91" count="1" type="cond" truecount="3" falsecount="0"/>
        <line num="95" count="1" type="cond" truecount="1" falsecount="0"/>
        <line num="96" count="4" type="stmt"/>
        <line num="97" count="4" type="cond" truecount="2" falsecount="0"/>
        <line num="98" count="4" type="stmt"/>
      </file>
    </package>
    <package name="runes.src">
      <metrics statements="54" coveredstatements="54" conditionals="25" coveredconditionals="24" methods="6" coveredmethods="6"/>
      <file name="anchor.ts" path="/Users/alexyanchenko/code/your-org/pr-walkthrough/packages/runes/src/anchor.ts">
        <metrics statements="4" coveredstatements="4" conditionals="1" coveredconditionals="1" methods="1" coveredmethods="1"/>
        <line num="1" count="1" type="stmt"/>
        <line num="8" count="1" type="cond" truecount="1" falsecount="0"/>
        <line num="9" count="2" type="stmt"/>
        <line num="10" count="2" type="stmt"/>
      </file>
      <file name="index.ts" path="/Users/alexyanchenko/code/your-org/pr-walkthrough/packages/runes/src/index.ts">
        <metrics statements="4" coveredstatements="4" conditionals="0" coveredconditionals="0" methods="0" coveredmethods="0"/>
        <line num="1" count="1" type="stmt"/>
        <line num="2" count="1" type="stmt"/>
        <line num="3" count="1" type="stmt"/>
        <line num="4" count="1" type="stmt"/>
      </file>
      <file name="markdown.ts" path="/Users/alexyanchenko/code/your-org/pr-walkthrough/packages/runes/src/markdown.ts">
        <metrics statements="21" coveredstatements="21" conditionals="9" coveredconditionals="8" methods="2" coveredmethods="2"/>
        <line num="5" count="1" type="cond" truecount="1" falsecount="0"/>
        <line num="6" count="8" type="cond" truecount="1" falsecount="0"/>
        <line num="8" count="1" type="cond" truecount="1" falsecount="0"/>
        <line num="9" count="6" type="stmt"/>
        <line num="10" count="6" type="stmt"/>
        <line num="13" count="6" type="cond" truecount="1" falsecount="0"/>
        <line num="14" count="3" type="stmt"/>
        <line num="15" count="3" type="cond" truecount="2" falsecount="0"/>
        <line num="16" count="3" type="stmt"/>
        <line num="17" count="3" type="stmt"/>
        <line num="18" count="6" type="stmt"/>
        <line num="19" count="6" type="stmt"/>
        <line num="20" count="6" type="stmt"/>
        <line num="21" count="6" type="stmt"/>
        <line num="22" count="6" type="stmt"/>
        <line num="23" count="6" type="cond" truecount="1" falsecount="1"/>
        <line num="24" count="6" type="stmt"/>
        <line num="25" count="6" type="stmt"/>
        <line num="26" count="6" type="cond" truecount="1" falsecount="0"/>
        <line num="27" count="6" type="stmt"/>
        <line num="28" count="6" type="stmt"/>
      </file>
      <file name="pr-url.ts" path="/Users/alexyanchenko/code/your-org/pr-walkthrough/packages/runes/src/pr-url.ts">
        <metrics statements="12" coveredstatements="12" conditionals="6" coveredconditionals="6" methods="2" coveredmethods="2"/>
        <line num="11" count="1" type="stmt"/>
        <line num="14" count="1" type="cond" truecount="1" falsecount="0"/>
        <line num="15" count="10" type="stmt"/>
        <line num="16" count="10" type="cond" truecount="1" falsecount="0"/>
        <line num="17" count="5" type="stmt"/>
        <line num="18" count="10" type="cond" truecount="3" falsecount="0"/>
        <line num="19" count="3" type="stmt"/>
        <line num="20" count="3" type="stmt"/>
        <line num="23" count="1" type="cond" truecount="1" falsecount="0"/>
        <line num="24" count="1" type="stmt"/>
        <line num="25" count="1" type="stmt"/>
        <line num="26" count="1" type="stmt"/>
      </file>
      <file name="spec.ts" path="/Users/alexyanchenko/code/your-org/pr-walkthrough/packages/runes/src/spec.ts">
        <metrics statements="13" coveredstatements="13" conditionals="9" coveredconditionals="9" methods="1" coveredmethods="1"/>
        <line num="57" count="1" type="cond" truecount="1" falsecount="0"/>
        <line num="58" count="7" type="stmt"/>
        <line num="59" count="7" type="stmt"/>
        <line num="60" count="7" type="cond" truecount="1" falsecount="0"/>
        <line num="61" count="6" type="cond" truecount="1" falsecount="0"/>
        <line num="62" count="5" type="cond" truecount="1" falsecount="0"/>
        <line num="63" count="4" type="cond" truecount="1" falsecount="0"/>
        <line num="64" count="3" type="cond" truecount="1" falsecount="0"/>
        <line num="65" count="3" type="cond" truecount="1" falsecount="0"/>
        <line num="66" count="2" type="stmt"/>
        <line num="67" count="2" type="cond" truecount="2" falsecount="0"/>
        <line num="68" count="2" type="stmt"/>
        <line num="70" count="7" type="stmt"/>
      </file>
    </package>
  </project>
</coverage>
