{"/Users/alexyanchenko/code/your-org/pr-walkthrough/packages/extension/src/content/api.ts": {"path":"/Users/alexyanchenko/code/your-org/pr-walkthrough/packages/extension/src/content/api.ts","all":false,"statementMap":{"12":{"start":{"line":13,"column":0},"end":{"line":13,"column":99}},"13":{"start":{"line":14,"column":0},"end":{"line":14,"column":28}},"16":{"start":{"line":17,"column":0},"end":{"line":17,"column":30}},"17":{"start":{"line":18,"column":0},"end":{"line":18,"column":77}},"18":{"start":{"line":19,"column":0},"end":{"line":19,"column":13}},"19":{"start":{"line":20,"column":0},"end":{"line":20,"column":5}},"20":{"start":{"line":21,"column":0},"end":{"line":21,"column":9}},"21":{"start":{"line":22,"column":0},"end":{"line":22,"column":81}},"22":{"start":{"line":23,"column":0},"end":{"line":23,"column":87}},"23":{"start":{"line":24,"column":0},"end":{"line":24,"column":18}},"24":{"start":{"line":25,"column":0},"end":{"line":25,"column":53}},"25":{"start":{"line":26,"column":0},"end":{"line":26,"column":17}},"26":{"start":{"line":27,"column":0},"end":{"line":27,"column":9}},"27":{"start":{"line":28,"column":0},"end":{"line":28,"column":58}},"28":{"start":{"line":29,"column":0},"end":{"line":29,"column":9}},"29":{"start":{"line":30,"column":0},"end":{"line":30,"column":17}},"30":{"start":{"line":31,"column":0},"end":{"line":31,"column":47}},"31":{"start":{"line":32,"column":0},"end":{"line":32,"column":5}},"32":{"start":{"line":33,"column":0},"end":{"line":33,"column":5}}},"s":{"12":1,"13":5,"16":5,"17":1,"18":1,"19":1,"20":4,"21":4,"22":4,"23":4,"24":1,"25":1,"26":1,"27":4,"28":4,"29":5,"30":0,"31":0,"32":5},"branchMap":{"0":{"type":"branch","line":13,"loc":{"start":{"line":13,"column":19},"end":{"line":33,"column":5}},"locations":[{"start":{"line":13,"column":19},"end":{"line":33,"column":5}}]},"1":{"type":"branch","line":14,"loc":{"start":{"line":14,"column":14},"end":{"line":33,"column":5}},"locations":[{"start":{"line":14,"column":14},"end":{"line":33,"column":5}}]},"2":{"type":"branch","line":17,"loc":{"start":{"line":17,"column":29},"end":{"line":20,"column":5}},"locations":[{"start":{"line":17,"column":29},"end":{"line":20,"column":5}}]},"3":{"type":"branch","line":20,"loc":{"start":{"line":20,"column":4},"end":{"line":30,"column":13}},"locations":[{"start":{"line":20,"column":4},"end":{"line":30,"column":13}}]},"4":{"type":"branch","line":30,"loc":{"start":{"line":30,"column":4},"end":{"line":32,"column":5}},"locations":[{"start":{"line":30,"column":4},"end":{"line":32,"column":5}}]},"5":{"type":"branch","line":22,"loc":{"start":{"line":22,"column":57},"end":{"line":29,"column":7}},"locations":[{"start":{"line":22,"column":57},"end":{"line":29,"column":7}}]},"6":{"type":"branch","line":24,"loc":{"start":{"line":24,"column":17},"end":{"line":27,"column":9}},"locations":[{"start":{"line":24,"column":17},"end":{"line":27,"column":9}}]},"7":{"type":"branch","line":27,"loc":{"start":{"line":27,"column":8},"end":{"line":28,"column":21}},"locations":[{"start":{"line":27,"column":8},"end":{"line":28,"column":21}}]},"8":{"type":"branch","line":28,"loc":{"start":{"line":28,"column":16},"end":{"line":28,"column":56}},"locations":[{"start":{"line":28,"column":16},"end":{"line":28,"column":56}}]}},"b":{"0":[5],"1":[5],"2":[1],"3":[4],"4":[0],"5":[4],"6":[1],"7":[3],"8":[1]},"fnMap":{"0":{"name":"api","decl":{"start":{"line":13,"column":19},"end":{"line":33,"column":5}},"loc":{"start":{"line":13,"column":19},"end":{"line":33,"column":5}},"line":13}},"f":{"0":5}}
,"/Users/alexyanchenko/code/your-org/pr-walkthrough/packages/extension/src/content/bifrost.ts": {"path":"/Users/alexyanchenko/code/your-org/pr-walkthrough/packages/extension/src/content/bifrost.ts","all":false,"statementMap":{"0":{"start":{"line":68,"column":0},"end":{"line":68,"column":42}},"1":{"start":{"line":69,"column":0},"end":{"line":69,"column":60}},"2":{"start":{"line":70,"column":0},"end":{"line":70,"column":59}},"3":{"start":{"line":72,"column":0},"end":{"line":72,"column":102}},"4":{"start":{"line":73,"column":0},"end":{"line":73,"column":28}},"5":{"start":{"line":74,"column":0},"end":{"line":74,"column":15}},"6":{"start":{"line":75,"column":0},"end":{"line":75,"column":22}},"7":{"start":{"line":76,"column":0},"end":{"line":76,"column":25}},"8":{"start":{"line":77,"column":0},"end":{"line":77,"column":5}},"9":{"start":{"line":78,"column":0},"end":{"line":78,"column":16}},"10":{"start":{"line":79,"column":0},"end":{"line":79,"column":18}},"11":{"start":{"line":80,"column":0},"end":{"line":80,"column":21}},"12":{"start":{"line":81,"column":0},"end":{"line":81,"column":6}},"13":{"start":{"line":82,"column":0},"end":{"line":82,"column":4}},"14":{"start":{"line":84,"column":0},"end":{"line":84,"column":96}},"15":{"start":{"line":85,"column":0},"end":{"line":85,"column":30}},"16":{"start":{"line":86,"column":0},"end":{"line":86,"column":21}},"17":{"start":{"line":87,"column":0},"end":{"line":87,"column":32}},"18":{"start":{"line":88,"column":0},"end":{"line":88,"column":11}},"19":{"start":{"line":89,"column":0},"end":{"line":89,"column":20}},"20":{"start":{"line":90,"column":0},"end":{"line":90,"column":19}},"21":{"start":{"line":91,"column":0},"end":{"line":91,"column":66}},"22":{"start":{"line":92,"column":0},"end":{"line":92,"column":7}},"23":{"start":{"line":93,"column":0},"end":{"line":93,"column":5}},"24":{"start":{"line":94,"column":0},"end":{"line":94,"column":4}},"25":{"start":{"line":96,"column":0},"end":{"line":96,"column":10}},"26":{"start":{"line":97,"column":0},"end":{"line":97,"column":62}},"27":{"start":{"line":98,"column":0},"end":{"line":98,"column":76}},"28":{"start":{"line":99,"column":0},"end":{"line":99,"column":63}},"29":{"start":{"line":100,"column":0},"end":{"line":100,"column":71}},"30":{"start":{"line":101,"column":0},"end":{"line":101,"column":4}},"31":{"start":{"line":102,"column":0},"end":{"line":102,"column":1}},"32":{"start":{"line":105,"column":0},"end":{"line":105,"column":39}}},"s":{"0":2,"1":25,"2":25,"3":25,"4":83,"5":83,"6":71,"7":71,"8":71,"9":83,"10":83,"11":23,"12":23,"13":83,"14":25,"15":69,"16":69,"17":69,"18":53,"19":53,"20":53,"21":1,"22":1,"23":53,"24":69,"25":25,"26":25,"27":25,"28":25,"29":25,"30":25,"31":25,"32":2},"branchMap":{"0":{"type":"branch","line":68,"loc":{"start":{"line":68,"column":7},"end":{"line":102,"column":1}},"locations":[{"start":{"line":68,"column":7},"end":{"line":102,"column":1}}]},"1":{"type":"branch","line":72,"loc":{"start":{"line":72,"column":20},"end":{"line":82,"column":4}},"locations":[{"start":{"line":72,"column":20},"end":{"line":82,"column":4}}]},"2":{"type":"branch","line":74,"loc":{"start":{"line":74,"column":14},"end":{"line":77,"column":5}},"locations":[{"start":{"line":74,"column":14},"end":{"line":77,"column":5}}]},"3":{"type":"branch","line":79,"loc":{"start":{"line":79,"column":11},"end":{"line":81,"column":6}},"locations":[{"start":{"line":79,"column":11},"end":{"line":81,"column":6}}]},"4":{"type":"branch","line":84,"loc":{"start":{"line":84,"column":18},"end":{"line":94,"column":4}},"locations":[{"start":{"line":84,"column":18},"end":{"line":94,"column":4}}]},"5":{"type":"branch","line":86,"loc":{"start":{"line":86,"column":14},"end":{"line":86,"column":21}},"locations":[{"start":{"line":86,"column":14},"end":{"line":86,"column":21}}]},"6":{"type":"branch","line":86,"loc":{"start":{"line":86,"column":14},"end":{"line":87,"column":31}},"locations":[{"start":{"line":86,"column":14},"end":{"line":87,"column":31}}]},"7":{"type":"branch","line":87,"loc":{"start":{"line":87,"column":31},"end":{"line":93,"column":5}},"locations":[{"start":{"line":87,"column":31},"end":{"line":93,"column":5}}]},"8":{"type":"branch","line":90,"loc":{"start":{"line":90,"column":6},"end":{"line":92,"column":7}},"locations":[{"start":{"line":90,"column":6},"end":{"line":92,"column":7}}]},"9":{"type":"branch","line":93,"loc":{"start":{"line":93,"column":4},"end":{"line":93,"column":5}},"locations":[{"start":{"line":93,"column":4},"end":{"line":93,"column":5}}]},"10":{"type":"branch","line":97,"loc":{"start":{"line":97,"column":10},"end":{"line":97,"column":62}},"locations":[{"start":{"line":97,"column":10},"end":{"line":97,"column":62}}]},"11":{"type":"branch","line":98,"loc":{"start":{"line":98,"column":12},"end":{"line":98,"column":76}},"locations":[{"start":{"line":98,"column":12},"end":{"line":98,"column":76}}]},"12":{"type":"branch","line":99,"loc":{"start":{"line":99,"column":12},"end":{"line":99,"column":63}},"locations":[{"start":{"line":99,"column":12},"end":{"line":99,"column":63}}]},"13":{"type":"branch","line":100,"loc":{"start":{"line":100,"column":8},"end":{"line":100,"column":71}},"locations":[{"start":{"line":100,"column":8},"end":{"line":100,"column":71}}]}},"b":{"0":[25],"1":[83],"2":[71],"3":[23],"4":[69],"5":[12],"6":[57],"7":[53],"8":[1],"9":[57],"10":[44],"11":[71],"12":[25],"13":[12]},"fnMap":{"0":{"name":"createBifrost","decl":{"start":{"line":68,"column":7},"end":{"line":102,"column":1}},"loc":{"start":{"line":68,"column":7},"end":{"line":102,"column":1}},"line":68},"1":{"name":"subscribe","decl":{"start":{"line":72,"column":20},"end":{"line":82,"column":4}},"loc":{"start":{"line":72,"column":20},"end":{"line":82,"column":4}},"line":72},"2":{"name":"publish","decl":{"start":{"line":84,"column":18},"end":{"line":94,"column":4}},"loc":{"start":{"line":84,"column":18},"end":{"line":94,"column":4}},"line":84},"3":{"name":"send","decl":{"start":{"line":97,"column":10},"end":{"line":97,"column":62}},"loc":{"start":{"line":97,"column":10},"end":{"line":97,"column":62}},"line":97},"4":{"name":"handle","decl":{"start":{"line":98,"column":12},"end":{"line":98,"column":76}},"loc":{"start":{"line":98,"column":12},"end":{"line":98,"column":76}},"line":98},"5":{"name":"report","decl":{"start":{"line":99,"column":12},"end":{"line":99,"column":63}},"loc":{"start":{"line":99,"column":12},"end":{"line":99,"column":63}},"line":99},"6":{"name":"on","decl":{"start":{"line":100,"column":8},"end":{"line":100,"column":71}},"loc":{"start":{"line":100,"column":8},"end":{"line":100,"column":71}},"line":100}},"f":{"0":25,"1":83,"2":69,"3":44,"4":71,"5":25,"6":12}}
,"/Users/alexyanchenko/code/your-org/pr-walkthrough/packages/extension/src/content/muninn.ts": {"path":"/Users/alexyanchenko/code/your-org/pr-walkthrough/packages/extension/src/content/muninn.ts","all":false,"statementMap":{"4":{"start":{"line":5,"column":0},"end":{"line":5,"column":56}},"5":{"start":{"line":6,"column":0},"end":{"line":6,"column":24}},"6":{"start":{"line":7,"column":0},"end":{"line":7,"column":9}},"7":{"start":{"line":8,"column":0},"end":{"line":8,"column":56}},"8":{"start":{"line":9,"column":0},"end":{"line":9,"column":13}},"9":{"start":{"line":10,"column":0},"end":{"line":10,"column":21}},"10":{"start":{"line":11,"column":0},"end":{"line":11,"column":5}},"11":{"start":{"line":12,"column":0},"end":{"line":12,"column":5}},"12":{"start":{"line":13,"column":0},"end":{"line":13,"column":58}},"13":{"start":{"line":14,"column":0},"end":{"line":14,"column":7}},"14":{"start":{"line":15,"column":0},"end":{"line":15,"column":43}},"15":{"start":{"line":16,"column":0},"end":{"line":16,"column":11}},"17":{"start":{"line":18,"column":0},"end":{"line":18,"column":3}},"18":{"start":{"line":19,"column":0},"end":{"line":19,"column":2}},"19":{"start":{"line":20,"column":0},"end":{"line":20,"column":49}},"20":{"start":{"line":21,"column":0},"end":{"line":21,"column":7}},"21":{"start":{"line":22,"column":0},"end":{"line":22,"column":37}},"22":{"start":{"line":23,"column":0},"end":{"line":23,"column":11}},"24":{"start":{"line":25,"column":0},"end":{"line":25,"column":3}},"25":{"start":{"line":26,"column":0},"end":{"line":26,"column":2}}},"s":{"4":1,"5":2,"6":2,"7":2,"8":2,"9":1,"10":1,"11":2,"12":1,"13":2,"14":2,"15":2,"17":1,"18":2,"19":1,"20":2,"21":2,"22":2,"24":1,"25":2},"branchMap":{"0":{"type":"branch","line":5,"loc":{"start":{"line":5,"column":24},"end":{"line":12,"column":5}},"locations":[{"start":{"line":5,"column":24},"end":{"line":12,"column":5}}]},"1":{"type":"branch","line":6,"loc":{"start":{"line":6,"column":14},"end":{"line":12,"column":5}},"locations":[{"start":{"line":6,"column":14},"end":{"line":12,"column":5}}]},"2":{"type":"branch","line":9,"loc":{"start":{"line":9,"column":4},"end":{"line":11,"column":5}},"locations":[{"start":{"line":9,"column":4},"end":{"line":11,"column":5}}]},"3":{"type":"branch","line":8,"loc":{"start":{"line":8,"column":36},"end":{"line":8,"column":54}},"locations":[{"start":{"line":8,"column":36},"end":{"line":8,"column":54}}]},"4":{"type":"branch","line":13,"loc":{"start":{"line":13,"column":24},"end":{"line":19,"column":2}},"locations":[{"start":{"line":13,"column":24},"end":{"line":19,"column":2}}]},"5":{"type":"branch","line":16,"loc":{"start":{"line":16,"column":2},"end":{"line":18,"column":3}},"locations":[{"start":{"line":16,"column":2},"end":{"line":18,"column":3}}]},"6":{"type":"branch","line":20,"loc":{"start":{"line":20,"column":27},"end":{"line":26,"column":2}},"locations":[{"start":{"line":20,"column":27},"end":{"line":26,"column":2}}]},"7":{"type":"branch","line":23,"loc":{"start":{"line":23,"column":2},"end":{"line":25,"column":3}},"locations":[{"start":{"line":23,"column":2},"end":{"line":25,"column":3}}]}},"b":{"0":[2],"1":[2],"2":[1],"3":[1],"4":[2],"5":[1],"6":[2],"7":[1]},"fnMap":{"0":{"name":"storeGet","decl":{"start":{"line":5,"column":24},"end":{"line":12,"column":5}},"loc":{"start":{"line":5,"column":24},"end":{"line":12,"column":5}},"line":5},"1":{"name":"storeSet","decl":{"start":{"line":13,"column":24},"end":{"line":19,"column":2}},"loc":{"start":{"line":13,"column":24},"end":{"line":19,"column":2}},"line":13},"2":{"name":"storeRemove","decl":{"start":{"line":20,"column":27},"end":{"line":26,"column":2}},"loc":{"start":{"line":20,"column":27},"end":{"line":26,"column":2}},"line":20}},"f":{"0":2,"1":2,"2":2}}
,"/Users/alexyanchenko/code/your-org/pr-walkthrough/packages/extension/src/content/sanitize.ts": {"path":"/Users/alexyanchenko/code/your-org/pr-walkthrough/packages/extension/src/content/sanitize.ts","all":false,"statementMap":{"5":{"start":{"line":6,"column":0},"end":{"line":6,"column":109}},"7":{"start":{"line":8,"column":0},"end":{"line":8,"column":57}},"8":{"start":{"line":9,"column":0},"end":{"line":9,"column":47}},"9":{"start":{"line":10,"column":0},"end":{"line":10,"column":35}},"10":{"start":{"line":11,"column":0},"end":{"line":11,"column":40}},"11":{"start":{"line":12,"column":0},"end":{"line":12,"column":53}},"12":{"start":{"line":13,"column":0},"end":{"line":13,"column":74}},"13":{"start":{"line":14,"column":0},"end":{"line":14,"column":73}},"14":{"start":{"line":15,"column":0},"end":{"line":15,"column":7}},"15":{"start":{"line":16,"column":0},"end":{"line":16,"column":3}},"16":{"start":{"line":17,"column":0},"end":{"line":17,"column":21}},"17":{"start":{"line":18,"column":0},"end":{"line":18,"column":1}}},"s":{"5":1,"7":1,"8":7,"9":7,"10":7,"11":14,"12":15,"13":12,"14":14,"15":14,"16":14,"17":14},"branchMap":{"0":{"type":"branch","line":8,"loc":{"start":{"line":8,"column":7},"end":{"line":18,"column":1}},"locations":[{"start":{"line":8,"column":7},"end":{"line":18,"column":1}}]},"1":{"type":"branch","line":10,"loc":{"start":{"line":10,"column":23},"end":{"line":10,"column":33}},"locations":[{"start":{"line":10,"column":23},"end":{"line":10,"column":33}}]},"2":{"type":"branch","line":11,"loc":{"start":{"line":11,"column":39},"end":{"line":18,"column":1}},"locations":[{"start":{"line":11,"column":39},"end":{"line":18,"column":1}}]},"3":{"type":"branch","line":12,"loc":{"start":{"line":12,"column":44},"end":{"line":15,"column":5}},"locations":[{"start":{"line":12,"column":44},"end":{"line":15,"column":5}}]},"4":{"type":"branch","line":13,"loc":{"start":{"line":13,"column":41},"end":{"line":13,"column":74}},"locations":[{"start":{"line":13,"column":41},"end":{"line":13,"column":74}}]},"5":{"type":"branch","line":13,"loc":{"start":{"line":13,"column":72},"end":{"line":14,"column":73}},"locations":[{"start":{"line":13,"column":72},"end":{"line":14,"column":73}}]},"6":{"type":"branch","line":14,"loc":{"start":{"line":14,"column":38},"end":{"line":14,"column":71}},"locations":[{"start":{"line":14,"column":38},"end":{"line":14,"column":71}}]}},"b":{"0":[7],"1":[2],"2":[14],"3":[15],"4":[3],"5":[12],"6":[2]},"fnMap":{"0":{"name":"sanitizeSpecHtml","decl":{"start":{"line":8,"column":7},"end":{"line":18,"column":1}},"loc":{"start":{"line":8,"column":7},"end":{"line":18,"column":1}},"line":8}},"f":{"0":7}}
,"/Users/alexyanchenko/code/your-org/pr-walkthrough/packages/extension/src/content/asgard/App.tsx": {"path":"/Users/alexyanchenko/code/your-org/pr-walkthrough/packages/extension/src/content/asgard/App.tsx","all":false,"statementMap":{"0":{"start":{"line":1,"column":0},"end":{"line":1,"column":74}},"6":{"start":{"line":7,"column":0},"end":{"line":7,"column":36}},"7":{"start":{"line":8,"column":0},"end":{"line":8,"column":22}},"8":{"start":{"line":9,"column":0},"end":{"line":9,"column":1}}},"s":{"0":1,"6":1,"7":1,"8":1},"branchMap":{"0":{"type":"branch","line":7,"loc":{"start":{"line":7,"column":7},"end":{"line":9,"column":1}},"locations":[{"start":{"line":7,"column":7},"end":{"line":9,"column":1}}]}},"b":{"0":[1]},"fnMap":{"0":{"name":"App","decl":{"start":{"line":7,"column":7},"end":{"line":9,"column":1}},"loc":{"start":{"line":7,"column":7},"end":{"line":9,"column":1}},"line":7}},"f":{"0":1}}
,"/Users/alexyanchenko/code/your-org/pr-walkthrough/packages/extension/src/content/asgard/store.ts": {"path":"/Users/alexyanchenko/code/your-org/pr-walkthrough/packages/extension/src/content/asgard/store.ts","all":false,"statementMap":{"0":{"start":{"line":1,"column":0},"end":{"line":1,"column":79}},"11":{"start":{"line":12,"column":0},"end":{"line":12,"column":38}},"12":{"start":{"line":13,"column":0},"end":{"line":13,"column":16}},"14":{"start":{"line":15,"column":0},"end":{"line":15,"column":59}},"15":{"start":{"line":16,"column":0},"end":{"line":16,"column":26}},"16":{"start":{"line":17,"column":0},"end":{"line":17,"column":16}},"17":{"start":{"line":18,"column":0},"end":{"line":18,"column":31}},"18":{"start":{"line":19,"column":0},"end":{"line":19,"column":4}},"19":{"start":{"line":20,"column":0},"end":{"line":20,"column":1}},"22":{"start":{"line":23,"column":0},"end":{"line":23,"column":39}},"23":{"start":{"line":24,"column":0},"end":{"line":24,"column":17}},"24":{"start":{"line":25,"column":0},"end":{"line":25,"column":1}},"27":{"start":{"line":28,"column":0},"end":{"line":28,"column":31}},"28":{"start":{"line":29,"column":0},"end":{"line":29,"column":12}},"29":{"start":{"line":30,"column":0},"end":{"line":30,"column":40}},"30":{"start":{"line":31,"column":0},"end":{"line":31,"column":1}},"32":{"start":{"line":33,"column":0},"end":{"line":33,"column":108}},"34":{"start":{"line":35,"column":0},"end":{"line":35,"column":30}},"35":{"start":{"line":36,"column":0},"end":{"line":36,"column":35}},"36":{"start":{"line":37,"column":0},"end":{"line":37,"column":39}},"37":{"start":{"line":38,"column":0},"end":{"line":38,"column":33}},"38":{"start":{"line":39,"column":0},"end":{"line":39,"column":24}},"39":{"start":{"line":40,"column":0},"end":{"line":40,"column":44}},"40":{"start":{"line":41,"column":0},"end":{"line":41,"column":18}},"41":{"start":{"line":42,"column":0},"end":{"line":42,"column":12}},"42":{"start":{"line":43,"column":0},"end":{"line":43,"column":4}},"43":{"start":{"line":44,"column":0},"end":{"line":44,"column":37}},"44":{"start":{"line":45,"column":0},"end":{"line":45,"column":28}},"45":{"start":{"line":46,"column":0},"end":{"line":46,"column":43}},"46":{"start":{"line":47,"column":0},"end":{"line":47,"column":18}},"47":{"start":{"line":48,"column":0},"end":{"line":48,"column":12}},"48":{"start":{"line":49,"column":0},"end":{"line":49,"column":4}},"49":{"start":{"line":50,"column":0},"end":{"line":50,"column":2}}},"s":{"0":1,"11":1,"12":1,"14":1,"15":6,"16":6,"17":6,"18":6,"19":6,"22":1,"23":33,"24":33,"27":1,"28":6,"29":6,"30":6,"32":1,"34":1,"35":1,"36":1,"37":1,"38":2,"39":2,"40":2,"41":2,"42":2,"43":1,"44":2,"45":2,"46":2,"47":2,"48":2,"49":1},"branchMap":{"0":{"type":"branch","line":15,"loc":{"start":{"line":15,"column":7},"end":{"line":20,"column":1}},"locations":[{"start":{"line":15,"column":7},"end":{"line":20,"column":1}}]},"1":{"type":"branch","line":17,"loc":{"start":{"line":17,"column":9},"end":{"line":19,"column":4}},"locations":[{"start":{"line":17,"column":9},"end":{"line":19,"column":4}}]},"2":{"type":"branch","line":23,"loc":{"start":{"line":23,"column":7},"end":{"line":25,"column":1}},"locations":[{"start":{"line":23,"column":7},"end":{"line":25,"column":1}}]},"3":{"type":"branch","line":28,"loc":{"start":{"line":28,"column":7},"end":{"line":31,"column":1}},"locations":[{"start":{"line":28,"column":7},"end":{"line":31,"column":1}}]},"4":{"type":"branch","line":30,"loc":{"start":{"line":30,"column":35},"end":{"line":30,"column":40}},"locations":[{"start":{"line":30,"column":35},"end":{"line":30,"column":40}}]},"5":{"type":"branch","line":33,"loc":{"start":{"line":33,"column":20},"end":{"line":33,"column":108}},"locations":[{"start":{"line":33,"column":20},"end":{"line":33,"column":108}}]},"6":{"type":"branch","line":36,"loc":{"start":{"line":36,"column":9},"end":{"line":36,"column":35}},"locations":[{"start":{"line":36,"column":9},"end":{"line":36,"column":35}}]},"7":{"type":"branch","line":37,"loc":{"start":{"line":37,"column":11},"end":{"line":37,"column":39}},"locations":[{"start":{"line":37,"column":11},"end":{"line":37,"column":39}}]},"8":{"type":"branch","line":38,"loc":{"start":{"line":38,"column":2},"end":{"line":43,"column":4}},"locations":[{"start":{"line":38,"column":2},"end":{"line":43,"column":4}}]},"9":{"type":"branch","line":44,"loc":{"start":{"line":44,"column":2},"end":{"line":49,"column":4}},"locations":[{"start":{"line":44,"column":2},"end":{"line":49,"column":4}}]}},"b":{"0":[6],"1":[6],"2":[33],"3":[6],"4":[3],"5":[4],"6":[6],"7":[6],"8":[2],"9":[2]},"fnMap":{"0":{"name":"subscribe","decl":{"start":{"line":15,"column":7},"end":{"line":20,"column":1}},"loc":{"start":{"line":15,"column":7},"end":{"line":20,"column":1}},"line":15},"1":{"name":"getSnapshot","decl":{"start":{"line":23,"column":7},"end":{"line":25,"column":1}},"loc":{"start":{"line":23,"column":7},"end":{"line":25,"column":1}},"line":23},"2":{"name":"touch","decl":{"start":{"line":28,"column":7},"end":{"line":31,"column":1}},"loc":{"start":{"line":28,"column":7},"end":{"line":31,"column":1}},"line":28},"3":{"name":"applyToPage","decl":{"start":{"line":33,"column":20},"end":{"line":33,"column":108}},"loc":{"start":{"line":33,"column":20},"end":{"line":33,"column":108}},"line":33},"4":{"name":"theme","decl":{"start":{"line":36,"column":9},"end":{"line":36,"column":35}},"loc":{"start":{"line":36,"column":9},"end":{"line":36,"column":35}},"line":36},"5":{"name":"hlStyle","decl":{"start":{"line":37,"column":11},"end":{"line":37,"column":39}},"loc":{"start":{"line":37,"column":11},"end":{"line":37,"column":39}},"line":37},"6":{"name":"setTheme","decl":{"start":{"line":38,"column":2},"end":{"line":43,"column":4}},"loc":{"start":{"line":38,"column":2},"end":{"line":43,"column":4}},"line":38},"7":{"name":"setHlStyle","decl":{"start":{"line":44,"column":2},"end":{"line":49,"column":4}},"loc":{"start":{"line":44,"column":2},"end":{"line":49,"column":4}},"line":44}},"f":{"0":6,"1":33,"2":6,"3":4,"4":6,"5":6,"6":2,"7":2}}
,"/Users/alexyanchenko/code/your-org/pr-walkthrough/packages/extension/src/content/asgard/components/Settings.tsx": {"path":"/Users/alexyanchenko/code/your-org/pr-walkthrough/packages/extension/src/content/asgard/components/Settings.tsx","all":false,"statementMap":{"0":{"start":{"line":1,"column":0},"end":{"line":1,"column":82}},"6":{"start":{"line":7,"column":0},"end":{"line":7,"column":41}},"7":{"start":{"line":8,"column":0},"end":{"line":8,"column":42}},"8":{"start":{"line":9,"column":0},"end":{"line":9,"column":47}},"9":{"start":{"line":10,"column":0},"end":{"line":10,"column":10}},"10":{"start":{"line":11,"column":0},"end":{"line":11,"column":6}},"11":{"start":{"line":12,"column":0},"end":{"line":12,"column":13}},"12":{"start":{"line":13,"column":0},"end":{"line":13,"column":28}},"13":{"start":{"line":14,"column":0},"end":{"line":14,"column":39}},"14":{"start":{"line":15,"column":0},"end":{"line":15,"column":29}},"15":{"start":{"line":16,"column":0},"end":{"line":16,"column":42}},"17":{"start":{"line":18,"column":0},"end":{"line":18,"column":12}},"18":{"start":{"line":19,"column":0},"end":{"line":19,"column":29}},"19":{"start":{"line":20,"column":0},"end":{"line":20,"column":21}},"20":{"start":{"line":21,"column":0},"end":{"line":21,"column":31}},"21":{"start":{"line":22,"column":0},"end":{"line":22,"column":25}},"22":{"start":{"line":23,"column":0},"end":{"line":23,"column":31}},"23":{"start":{"line":24,"column":0},"end":{"line":24,"column":32}},"25":{"start":{"line":26,"column":0},"end":{"line":26,"column":42}},"26":{"start":{"line":27,"column":0},"end":{"line":27,"column":645}},"27":{"start":{"line":28,"column":0},"end":{"line":28,"column":14}},"28":{"start":{"line":29,"column":0},"end":{"line":29,"column":15}},"29":{"start":{"line":30,"column":0},"end":{"line":30,"column":16}},"30":{"start":{"line":31,"column":0},"end":{"line":31,"column":42}},"31":{"start":{"line":32,"column":0},"end":{"line":32,"column":17}},"33":{"start":{"line":34,"column":0},"end":{"line":34,"column":19}},"34":{"start":{"line":35,"column":0},"end":{"line":35,"column":32}},"35":{"start":{"line":36,"column":0},"end":{"line":36,"column":43}},"36":{"start":{"line":37,"column":0},"end":{"line":37,"column":70}},"38":{"start":{"line":39,"column":0},"end":{"line":39,"column":48}},"39":{"start":{"line":40,"column":0},"end":{"line":40,"column":50}},"40":{"start":{"line":41,"column":0},"end":{"line":41,"column":48}},"41":{"start":{"line":42,"column":0},"end":{"line":42,"column":21}},"42":{"start":{"line":43,"column":0},"end":{"line":43,"column":18}},"43":{"start":{"line":44,"column":0},"end":{"line":44,"column":17}},"45":{"start":{"line":46,"column":0},"end":{"line":46,"column":19}},"46":{"start":{"line":47,"column":0},"end":{"line":47,"column":36}},"47":{"start":{"line":48,"column":0},"end":{"line":48,"column":45}},"48":{"start":{"line":49,"column":0},"end":{"line":49,"column":72}},"50":{"start":{"line":51,"column":0},"end":{"line":51,"column":48}},"51":{"start":{"line":52,"column":0},"end":{"line":52,"column":58}},"52":{"start":{"line":53,"column":0},"end":{"line":53,"column":21}},"53":{"start":{"line":54,"column":0},"end":{"line":54,"column":18}},"54":{"start":{"line":55,"column":0},"end":{"line":55,"column":14}},"56":{"start":{"line":57,"column":0},"end":{"line":57,"column":7}},"58":{"start":{"line":59,"column":0},"end":{"line":59,"column":1}}},"s":{"0":1,"6":1,"7":11,"8":11,"9":11,"10":11,"11":11,"12":11,"13":11,"14":11,"15":11,"17":11,"18":11,"19":11,"20":11,"21":11,"22":11,"23":11,"25":11,"26":11,"27":11,"28":11,"29":11,"30":5,"31":5,"33":5,"34":5,"35":5,"36":5,"38":5,"39":5,"40":5,"41":5,"42":5,"43":5,"45":5,"46":5,"47":5,"48":5,"50":5,"51":5,"52":5,"53":5,"54":5,"56":11,"58":11},"branchMap":{"0":{"type":"branch","line":7,"loc":{"start":{"line":7,"column":7},"end":{"line":59,"column":1}},"locations":[{"start":{"line":7,"column":7},"end":{"line":59,"column":1}}]},"1":{"type":"branch","line":30,"loc":{"start":{"line":30,"column":7},"end":{"line":55,"column":14}},"locations":[{"start":{"line":30,"column":7},"end":{"line":55,"column":14}}]},"2":{"type":"branch","line":16,"loc":{"start":{"line":16,"column":17},"end":{"line":16,"column":42}},"locations":[{"start":{"line":16,"column":17},"end":{"line":16,"column":42}}]},"3":{"type":"branch","line":16,"loc":{"start":{"line":16,"column":31},"end":{"line":16,"column":40}},"locations":[{"start":{"line":16,"column":31},"end":{"line":16,"column":40}}]},"4":{"type":"branch","line":37,"loc":{"start":{"line":37,"column":24},"end":{"line":37,"column":70}},"locations":[{"start":{"line":37,"column":24},"end":{"line":37,"column":70}}]},"5":{"type":"branch","line":49,"loc":{"start":{"line":49,"column":24},"end":{"line":49,"column":72}},"locations":[{"start":{"line":49,"column":24},"end":{"line":49,"column":72}}]}},"b":{"0":[11],"1":[5],"2":[4],"3":[4],"4":[1],"5":[1]},"fnMap":{"0":{"name":"Settings","decl":{"start":{"line":7,"column":7},"end":{"line":59,"column":1}},"loc":{"start":{"line":7,"column":7},"end":{"line":59,"column":1}},"line":7},"1":{"name":"onClick","decl":{"start":{"line":16,"column":17},"end":{"line":16,"column":42}},"loc":{"start":{"line":16,"column":17},"end":{"line":16,"column":42}},"line":16},"2":{"name":"onChange","decl":{"start":{"line":37,"column":24},"end":{"line":37,"column":70}},"loc":{"start":{"line":37,"column":24},"end":{"line":37,"column":70}},"line":37},"3":{"name":"onChange","decl":{"start":{"line":49,"column":24},"end":{"line":49,"column":72}},"loc":{"start":{"line":49,"column":24},"end":{"line":49,"column":72}},"line":49}},"f":{"0":11,"1":4,"2":1,"3":1}}
,"/Users/alexyanchenko/code/your-org/pr-walkthrough/packages/extension/src/content/midgard/connect.ts": {"path":"/Users/alexyanchenko/code/your-org/pr-walkthrough/packages/extension/src/content/midgard/connect.ts","all":false,"statementMap":{"0":{"start":{"line":1,"column":0},"end":{"line":1,"column":78}},"7":{"start":{"line":8,"column":0},"end":{"line":8,"column":62}},"8":{"start":{"line":9,"column":0},"end":{"line":9,"column":16}},"9":{"start":{"line":10,"column":0},"end":{"line":10,"column":63}},"10":{"start":{"line":11,"column":0},"end":{"line":11,"column":55}},"11":{"start":{"line":12,"column":0},"end":{"line":12,"column":47}},"12":{"start":{"line":13,"column":0},"end":{"line":13,"column":70}},"13":{"start":{"line":14,"column":0},"end":{"line":14,"column":99}},"14":{"start":{"line":15,"column":0},"end":{"line":15,"column":7}},"15":{"start":{"line":16,"column":0},"end":{"line":16,"column":52}},"16":{"start":{"line":17,"column":0},"end":{"line":17,"column":58}},"17":{"start":{"line":18,"column":0},"end":{"line":18,"column":80}},"18":{"start":{"line":19,"column":0},"end":{"line":19,"column":7}},"19":{"start":{"line":20,"column":0},"end":{"line":20,"column":59}},"22":{"start":{"line":23,"column":0},"end":{"line":23,"column":45}},"23":{"start":{"line":24,"column":0},"end":{"line":24,"column":44}},"24":{"start":{"line":25,"column":0},"end":{"line":25,"column":7}},"25":{"start":{"line":26,"column":0},"end":{"line":26,"column":4}},"26":{"start":{"line":27,"column":0},"end":{"line":27,"column":44}},"27":{"start":{"line":28,"column":0},"end":{"line":28,"column":1}}},"s":{"0":1,"7":1,"8":9,"9":9,"10":9,"11":9,"12":3,"13":3,"14":9,"15":9,"16":9,"17":2,"18":9,"19":9,"22":1,"23":1,"24":9,"25":9,"26":9,"27":9},"branchMap":{"0":{"type":"branch","line":8,"loc":{"start":{"line":8,"column":7},"end":{"line":28,"column":1}},"locations":[{"start":{"line":8,"column":7},"end":{"line":28,"column":1}}]},"1":{"type":"branch","line":10,"loc":{"start":{"line":10,"column":37},"end":{"line":10,"column":61}},"locations":[{"start":{"line":10,"column":37},"end":{"line":10,"column":61}}]},"2":{"type":"branch","line":11,"loc":{"start":{"line":11,"column":38},"end":{"line":11,"column":53}},"locations":[{"start":{"line":11,"column":38},"end":{"line":11,"column":53}}]},"3":{"type":"branch","line":12,"loc":{"start":{"line":12,"column":39},"end":{"line":15,"column":5}},"locations":[{"start":{"line":12,"column":39},"end":{"line":15,"column":5}}]},"4":{"type":"branch","line":14,"loc":{"start":{"line":14,"column":12},"end":{"line":14,"column":35}},"locations":[{"start":{"line":14,"column":12},"end":{"line":14,"column":35}}]},"5":{"type":"branch","line":14,"loc":{"start":{"line":14,"column":35},"end":{"line":14,"column":99}},"locations":[{"start":{"line":14,"column":35},"end":{"line":14,"column":99}}]},"6":{"type":"branch","line":16,"loc":{"start":{"line":16,"column":33},"end":{"line":16,"column":50}},"locations":[{"start":{"line":16,"column":33},"end":{"line":16,"column":50}}]},"7":{"type":"branch","line":17,"loc":{"start":{"line":17,"column":31},"end":{"line":19,"column":5}},"locations":[{"start":{"line":17,"column":31},"end":{"line":19,"column":5}}]},"8":{"type":"branch","line":18,"loc":{"start":{"line":18,"column":40},"end":{"line":18,"column":80}},"locations":[{"start":{"line":18,"column":40},"end":{"line":18,"column":80}}]},"9":{"type":"branch","line":20,"loc":{"start":{"line":20,"column":34},"end":{"line":25,"column":5}},"locations":[{"start":{"line":20,"column":34},"end":{"line":25,"column":5}}]},"10":{"type":"branch","line":27,"loc":{"start":{"line":27,"column":9},"end":{"line":27,"column":44}},"locations":[{"start":{"line":27,"column":9},"end":{"line":27,"column":44}}]},"11":{"type":"branch","line":27,"loc":{"start":{"line":27,"column":28},"end":{"line":27,"column":42}},"locations":[{"start":{"line":27,"column":28},"end":{"line":27,"column":42}}]}},"b":{"0":[9],"1":[4],"2":[1],"3":[3],"4":[1],"5":[1],"6":[1],"7":[2],"8":[1],"9":[1],"10":[1],"11":[6]},"fnMap":{"0":{"name":"connectMidgard","decl":{"start":{"line":8,"column":7},"end":{"line":28,"column":1}},"loc":{"start":{"line":8,"column":7},"end":{"line":28,"column":1}},"line":8}},"f":{"0":9}}
,"/Users/alexyanchenko/code/your-org/pr-walkthrough/packages/extension/src/content/midgard/diff.ts": {"path":"/Users/alexyanchenko/code/your-org/pr-walkthrough/packages/extension/src/content/midgard/diff.ts","all":false,"statementMap":{"30":{"start":{"line":31,"column":0},"end":{"line":31,"column":76}},"31":{"start":{"line":32,"column":0},"end":{"line":32,"column":25}},"32":{"start":{"line":33,"column":0},"end":{"line":33,"column":53}},"33":{"start":{"line":34,"column":0},"end":{"line":34,"column":64}},"34":{"start":{"line":35,"column":0},"end":{"line":35,"column":16}},"35":{"start":{"line":36,"column":0},"end":{"line":36,"column":41}},"36":{"start":{"line":37,"column":0},"end":{"line":37,"column":24}},"37":{"start":{"line":38,"column":0},"end":{"line":38,"column":37}},"38":{"start":{"line":39,"column":0},"end":{"line":39,"column":14}},"39":{"start":{"line":40,"column":0},"end":{"line":40,"column":20}},"40":{"start":{"line":41,"column":0},"end":{"line":41,"column":3}},"41":{"start":{"line":42,"column":0},"end":{"line":42,"column":81}},"42":{"start":{"line":43,"column":0},"end":{"line":43,"column":57}},"43":{"start":{"line":44,"column":0},"end":{"line":44,"column":98}},"44":{"start":{"line":45,"column":0},"end":{"line":45,"column":1}},"46":{"start":{"line":47,"column":0},"end":{"line":47,"column":68}},"47":{"start":{"line":48,"column":0},"end":{"line":48,"column":90}},"48":{"start":{"line":49,"column":0},"end":{"line":49,"column":76}},"49":{"start":{"line":50,"column":0},"end":{"line":50,"column":20}},"50":{"start":{"line":51,"column":0},"end":{"line":51,"column":1}},"53":{"start":{"line":54,"column":0},"end":{"line":54,"column":83}},"54":{"start":{"line":55,"column":0},"end":{"line":55,"column":25}},"55":{"start":{"line":56,"column":0},"end":{"line":56,"column":63}},"56":{"start":{"line":57,"column":0},"end":{"line":57,"column":52}},"57":{"start":{"line":58,"column":0},"end":{"line":58,"column":3}},"58":{"start":{"line":59,"column":0},"end":{"line":59,"column":14}},"59":{"start":{"line":60,"column":0},"end":{"line":60,"column":1}},"63":{"start":{"line":64,"column":0},"end":{"line":64,"column":88}},"64":{"start":{"line":65,"column":0},"end":{"line":65,"column":30}},"65":{"start":{"line":66,"column":0},"end":{"line":66,"column":20}},"66":{"start":{"line":67,"column":0},"end":{"line":67,"column":19}},"67":{"start":{"line":68,"column":0},"end":{"line":68,"column":89}},"68":{"start":{"line":69,"column":0},"end":{"line":69,"column":37}},"69":{"start":{"line":70,"column":0},"end":{"line":70,"column":62}},"70":{"start":{"line":71,"column":0},"end":{"line":71,"column":14}},"71":{"start":{"line":72,"column":0},"end":{"line":72,"column":29}},"72":{"start":{"line":73,"column":0},"end":{"line":73,"column":29}},"73":{"start":{"line":74,"column":0},"end":{"line":74,"column":7}},"74":{"start":{"line":75,"column":0},"end":{"line":75,"column":5}},"75":{"start":{"line":76,"column":0},"end":{"line":76,"column":3}},"76":{"start":{"line":77,"column":0},"end":{"line":77,"column":50}},"77":{"start":{"line":78,"column":0},"end":{"line":78,"column":1}},"79":{"start":{"line":80,"column":0},"end":{"line":80,"column":70}},"80":{"start":{"line":81,"column":0},"end":{"line":81,"column":80}},"81":{"start":{"line":82,"column":0},"end":{"line":82,"column":56}},"82":{"start":{"line":83,"column":0},"end":{"line":83,"column":1}},"83":{"start":{"line":84,"column":0},"end":{"line":84,"column":73}},"84":{"start":{"line":85,"column":0},"end":{"line":85,"column":63}},"85":{"start":{"line":86,"column":0},"end":{"line":86,"column":76}},"86":{"start":{"line":87,"column":0},"end":{"line":87,"column":3}},"87":{"start":{"line":88,"column":0},"end":{"line":88,"column":14}},"88":{"start":{"line":89,"column":0},"end":{"line":89,"column":1}},"90":{"start":{"line":91,"column":0},"end":{"line":91,"column":59}},"91":{"start":{"line":92,"column":0},"end":{"line":92,"column":69}},"92":{"start":{"line":93,"column":0},"end":{"line":93,"column":63}},"93":{"start":{"line":94,"column":0},"end":{"line":94,"column":2}},"98":{"start":{"line":99,"column":0},"end":{"line":99,"column":92}},"100":{"start":{"line":101,"column":0},"end":{"line":101,"column":56}},"101":{"start":{"line":102,"column":0},"end":{"line":102,"column":73}},"102":{"start":{"line":103,"column":0},"end":{"line":103,"column":52}},"103":{"start":{"line":104,"column":0},"end":{"line":104,"column":28}},"104":{"start":{"line":105,"column":0},"end":{"line":105,"column":83}},"105":{"start":{"line":106,"column":0},"end":{"line":106,"column":2}},"106":{"start":{"line":107,"column":0},"end":{"line":107,"column":90}},"107":{"start":{"line":108,"column":0},"end":{"line":108,"column":32}},"108":{"start":{"line":109,"column":0},"end":{"line":109,"column":28}},"109":{"start":{"line":110,"column":0},"end":{"line":110,"column":26}},"110":{"start":{"line":111,"column":0},"end":{"line":111,"column":32}},"111":{"start":{"line":112,"column":0},"end":{"line":112,"column":29}},"112":{"start":{"line":113,"column":0},"end":{"line":113,"column":29}},"113":{"start":{"line":114,"column":0},"end":{"line":114,"column":1}},"116":{"start":{"line":117,"column":0},"end":{"line":117,"column":95}},"117":{"start":{"line":118,"column":0},"end":{"line":118,"column":28}},"118":{"start":{"line":119,"column":0},"end":{"line":119,"column":34}},"119":{"start":{"line":120,"column":0},"end":{"line":120,"column":30}},"120":{"start":{"line":121,"column":0},"end":{"line":121,"column":42}},"121":{"start":{"line":122,"column":0},"end":{"line":122,"column":27}},"122":{"start":{"line":123,"column":0},"end":{"line":123,"column":43}},"123":{"start":{"line":124,"column":0},"end":{"line":124,"column":5}},"124":{"start":{"line":125,"column":0},"end":{"line":125,"column":1}},"125":{"start":{"line":126,"column":0},"end":{"line":126,"column":87}},"126":{"start":{"line":127,"column":0},"end":{"line":127,"column":66}},"127":{"start":{"line":128,"column":0},"end":{"line":128,"column":85}},"132":{"start":{"line":133,"column":0},"end":{"line":133,"column":60}},"133":{"start":{"line":134,"column":0},"end":{"line":134,"column":34}},"134":{"start":{"line":135,"column":0},"end":{"line":135,"column":42}},"135":{"start":{"line":136,"column":0},"end":{"line":136,"column":49}},"136":{"start":{"line":137,"column":0},"end":{"line":137,"column":5}},"141":{"start":{"line":142,"column":0},"end":{"line":142,"column":84}},"142":{"start":{"line":143,"column":0},"end":{"line":143,"column":40}},"143":{"start":{"line":144,"column":0},"end":{"line":144,"column":45}},"144":{"start":{"line":145,"column":0},"end":{"line":145,"column":39}},"145":{"start":{"line":146,"column":0},"end":{"line":146,"column":40}},"146":{"start":{"line":147,"column":0},"end":{"line":147,"column":83}},"147":{"start":{"line":148,"column":0},"end":{"line":148,"column":22}},"148":{"start":{"line":149,"column":0},"end":{"line":149,"column":25}},"149":{"start":{"line":150,"column":0},"end":{"line":150,"column":29}},"150":{"start":{"line":151,"column":0},"end":{"line":151,"column":57}},"151":{"start":{"line":152,"column":0},"end":{"line":152,"column":22}},"152":{"start":{"line":153,"column":0},"end":{"line":153,"column":18}},"153":{"start":{"line":154,"column":0},"end":{"line":154,"column":18}},"154":{"start":{"line":155,"column":0},"end":{"line":155,"column":5}},"155":{"start":{"line":156,"column":0},"end":{"line":156,"column":3}},"156":{"start":{"line":157,"column":0},"end":{"line":157,"column":18}},"157":{"start":{"line":158,"column":0},"end":{"line":158,"column":1}}},"s":{"30":1,"31":36,"32":35,"33":36,"34":36,"35":32,"36":32,"37":32,"38":32,"39":32,"40":32,"41":36,"42":36,"43":36,"44":36,"46":1,"47":9,"48":9,"49":9,"50":9,"53":1,"54":18,"55":18,"56":18,"57":18,"58":6,"59":6,"63":1,"64":3,"65":2,"66":2,"67":3,"68":6,"69":3,"70":3,"71":3,"72":3,"73":3,"74":3,"75":6,"76":3,"77":3,"79":1,"80":21,"81":21,"82":21,"83":1,"84":3,"85":8,"86":8,"87":1,"88":1,"90":1,"91":32,"92":32,"93":32,"98":1,"100":1,"101":90,"102":1,"103":33,"104":33,"105":33,"106":1,"107":9,"108":9,"109":9,"110":9,"111":9,"112":8,"113":8,"116":1,"117":3,"118":2,"119":2,"120":2,"121":6,"122":6,"123":2,"124":2,"125":1,"126":1,"127":13,"132":1,"133":5,"134":15,"135":15,"136":15,"141":1,"142":13,"143":13,"144":5,"145":7,"146":7,"147":1,"148":1,"149":7,"150":2,"151":2,"152":1,"153":1,"154":1,"155":2,"156":1,"157":1},"branchMap":{"0":{"type":"branch","line":31,"loc":{"start":{"line":31,"column":7},"end":{"line":45,"column":1}},"locations":[{"start":{"line":31,"column":7},"end":{"line":45,"column":1}}]},"1":{"type":"branch","line":32,"loc":{"start":{"line":32,"column":13},"end":{"line":32,"column":25}},"locations":[{"start":{"line":32,"column":13},"end":{"line":32,"column":25}}]},"2":{"type":"branch","line":32,"loc":{"start":{"line":32,"column":20},"end":{"line":34,"column":26}},"locations":[{"start":{"line":32,"column":20},"end":{"line":34,"column":26}}]},"3":{"type":"branch","line":34,"loc":{"start":{"line":34,"column":18},"end":{"line":34,"column":59}},"locations":[{"start":{"line":34,"column":18},"end":{"line":34,"column":59}}]},"4":{"type":"branch","line":34,"loc":{"start":{"line":34,"column":55},"end":{"line":34,"column":64}},"locations":[{"start":{"line":34,"column":55},"end":{"line":34,"column":64}}]},"5":{"type":"branch","line":35,"loc":{"start":{"line":35,"column":15},"end":{"line":41,"column":3}},"locations":[{"start":{"line":35,"column":15},"end":{"line":41,"column":3}}]},"6":{"type":"branch","line":36,"loc":{"start":{"line":36,"column":23},"end":{"line":36,"column":41}},"locations":[{"start":{"line":36,"column":23},"end":{"line":36,"column":41}}]},"7":{"type":"branch","line":40,"loc":{"start":{"line":40,"column":11},"end":{"line":40,"column":20}},"locations":[{"start":{"line":40,"column":11},"end":{"line":40,"column":20}}]},"8":{"type":"branch","line":41,"loc":{"start":{"line":41,"column":2},"end":{"line":42,"column":67}},"locations":[{"start":{"line":41,"column":2},"end":{"line":42,"column":67}}]},"9":{"type":"branch","line":41,"loc":{"start":{"line":41,"column":2},"end":{"line":42,"column":54}},"locations":[{"start":{"line":41,"column":2},"end":{"line":42,"column":54}}]},"10":{"type":"branch","line":42,"loc":{"start":{"line":42,"column":51},"end":{"line":42,"column":67}},"locations":[{"start":{"line":42,"column":51},"end":{"line":42,"column":67}}]},"11":{"type":"branch","line":43,"loc":{"start":{"line":43,"column":10},"end":{"line":44,"column":67}},"locations":[{"start":{"line":43,"column":10},"end":{"line":44,"column":67}}]},"12":{"type":"branch","line":43,"loc":{"start":{"line":43,"column":10},"end":{"line":44,"column":54}},"locations":[{"start":{"line":43,"column":10},"end":{"line":44,"column":54}}]},"13":{"type":"branch","line":44,"loc":{"start":{"line":44,"column":51},"end":{"line":44,"column":67}},"locations":[{"start":{"line":44,"column":51},"end":{"line":44,"column":67}}]},"14":{"type":"branch","line":44,"loc":{"start":{"line":44,"column":88},"end":{"line":44,"column":98}},"locations":[{"start":{"line":44,"column":88},"end":{"line":44,"column":98}}]},"15":{"type":"branch","line":47,"loc":{"start":{"line":47,"column":7},"end":{"line":51,"column":1}},"locations":[{"start":{"line":47,"column":7},"end":{"line":51,"column":1}}]},"16":{"type":"branch","line":48,"loc":{"start":{"line":48,"column":53},"end":{"line":48,"column":90}},"locations":[{"start":{"line":48,"column":53},"end":{"line":48,"column":90}}]},"17":{"type":"branch","line":49,"loc":{"start":{"line":49,"column":9},"end":{"line":49,"column":54}},"locations":[{"start":{"line":49,"column":9},"end":{"line":49,"column":54}}]},"18":{"type":"branch","line":49,"loc":{"start":{"line":49,"column":20},"end":{"line":49,"column":54}},"locations":[{"start":{"line":49,"column":20},"end":{"line":49,"column":54}}]},"19":{"type":"branch","line":49,"loc":{"start":{"line":49,"column":54},"end":{"line":49,"column":76}},"locations":[{"start":{"line":49,"column":54},"end":{"line":49,"column":76}}]},"20":{"type":"branch","line":50,"loc":{"start":{"line":50,"column":9},"end":{"line":50,"column":20}},"locations":[{"start":{"line":50,"column":9},"end":{"line":50,"column":20}}]},"21":{"type":"branch","line":54,"loc":{"start":{"line":54,"column":7},"end":{"line":60,"column":1}},"locations":[{"start":{"line":54,"column":7},"end":{"line":60,"column":1}}]},"22":{"type":"branch","line":55,"loc":{"start":{"line":55,"column":13},"end":{"line":55,"column":25}},"locations":[{"start":{"line":55,"column":13},"end":{"line":55,"column":25}}]},"23":{"type":"branch","line":57,"loc":{"start":{"line":57,"column":43},"end":{"line":57,"column":52}},"locations":[{"start":{"line":57,"column":43},"end":{"line":57,"column":52}}]},"24":{"type":"branch","line":58,"loc":{"start":{"line":58,"column":2},"end":{"line":60,"column":1}},"locations":[{"start":{"line":58,"column":2},"end":{"line":60,"column":1}}]},"25":{"type":"branch","line":64,"loc":{"start":{"line":64,"column":7},"end":{"line":78,"column":1}},"locations":[{"start":{"line":64,"column":7},"end":{"line":78,"column":1}}]},"26":{"type":"branch","line":65,"loc":{"start":{"line":65,"column":18},"end":{"line":65,"column":30}},"locations":[{"start":{"line":65,"column":18},"end":{"line":65,"column":30}}]},"27":{"type":"branch","line":65,"loc":{"start":{"line":65,"column":25},"end":{"line":68,"column":88}},"locations":[{"start":{"line":65,"column":25},"end":{"line":68,"column":88}}]},"28":{"type":"branch","line":68,"loc":{"start":{"line":68,"column":88},"end":{"line":76,"column":3}},"locations":[{"start":{"line":68,"column":88},"end":{"line":76,"column":3}}]},"29":{"type":"branch","line":69,"loc":{"start":{"line":69,"column":36},"end":{"line":75,"column":5}},"locations":[{"start":{"line":69,"column":36},"end":{"line":75,"column":5}}]},"30":{"type":"branch","line":76,"loc":{"start":{"line":76,"column":2},"end":{"line":77,"column":20}},"locations":[{"start":{"line":76,"column":2},"end":{"line":77,"column":20}}]},"31":{"type":"branch","line":77,"loc":{"start":{"line":77,"column":15},"end":{"line":77,"column":45}},"locations":[{"start":{"line":77,"column":15},"end":{"line":77,"column":45}}]},"32":{"type":"branch","line":77,"loc":{"start":{"line":77,"column":41},"end":{"line":77,"column":50}},"locations":[{"start":{"line":77,"column":41},"end":{"line":77,"column":50}}]},"33":{"type":"branch","line":80,"loc":{"start":{"line":80,"column":7},"end":{"line":83,"column":1}},"locations":[{"start":{"line":80,"column":7},"end":{"line":83,"column":1}}]},"34":{"type":"branch","line":82,"loc":{"start":{"line":82,"column":9},"end":{"line":82,"column":51}},"locations":[{"start":{"line":82,"column":9},"end":{"line":82,"column":51}}]},"35":{"type":"branch","line":82,"loc":{"start":{"line":82,"column":47},"end":{"line":82,"column":56}},"locations":[{"start":{"line":82,"column":47},"end":{"line":82,"column":56}}]},"36":{"type":"branch","line":84,"loc":{"start":{"line":84,"column":7},"end":{"line":89,"column":1}},"locations":[{"start":{"line":84,"column":7},"end":{"line":89,"column":1}}]},"37":{"type":"branch","line":85,"loc":{"start":{"line":85,"column":62},"end":{"line":87,"column":3}},"locations":[{"start":{"line":85,"column":62},"end":{"line":87,"column":3}}]},"38":{"type":"branch","line":86,"loc":{"start":{"line":86,"column":39},"end":{"line":86,"column":76}},"locations":[{"start":{"line":86,"column":39},"end":{"line":86,"column":76}}]},"39":{"type":"branch","line":87,"loc":{"start":{"line":87,"column":2},"end":{"line":89,"column":1}},"locations":[{"start":{"line":87,"column":2},"end":{"line":89,"column":1}}]},"40":{"type":"branch","line":91,"loc":{"start":{"line":91,"column":25},"end":{"line":94,"column":2}},"locations":[{"start":{"line":91,"column":25},"end":{"line":94,"column":2}}]},"41":{"type":"branch","line":93,"loc":{"start":{"line":93,"column":9},"end":{"line":93,"column":58}},"locations":[{"start":{"line":93,"column":9},"end":{"line":93,"column":58}}]},"42":{"type":"branch","line":93,"loc":{"start":{"line":93,"column":54},"end":{"line":93,"column":63}},"locations":[{"start":{"line":93,"column":54},"end":{"line":93,"column":63}}]},"43":{"type":"branch","line":99,"loc":{"start":{"line":99,"column":19},"end":{"line":99,"column":92}},"locations":[{"start":{"line":99,"column":19},"end":{"line":99,"column":92}}]},"44":{"type":"branch","line":101,"loc":{"start":{"line":101,"column":22},"end":{"line":102,"column":73}},"locations":[{"start":{"line":101,"column":22},"end":{"line":102,"column":73}}]},"45":{"type":"branch","line":103,"loc":{"start":{"line":103,"column":25},"end":{"line":106,"column":2}},"locations":[{"start":{"line":103,"column":25},"end":{"line":106,"column":2}}]},"46":{"type":"branch","line":105,"loc":{"start":{"line":105,"column":9},"end":{"line":105,"column":80}},"locations":[{"start":{"line":105,"column":9},"end":{"line":105,"column":80}}]},"47":{"type":"branch","line":105,"loc":{"start":{"line":105,"column":16},"end":{"line":105,"column":35}},"locations":[{"start":{"line":105,"column":16},"end":{"line":105,"column":35}}]},"48":{"type":"branch","line":105,"loc":{"start":{"line":105,"column":76},"end":{"line":105,"column":83}},"locations":[{"start":{"line":105,"column":76},"end":{"line":105,"column":83}}]},"49":{"type":"branch","line":107,"loc":{"start":{"line":107,"column":7},"end":{"line":114,"column":1}},"locations":[{"start":{"line":107,"column":7},"end":{"line":114,"column":1}}]},"50":{"type":"branch","line":111,"loc":{"start":{"line":111,"column":22},"end":{"line":111,"column":32}},"locations":[{"start":{"line":111,"column":22},"end":{"line":111,"column":32}}]},"51":{"type":"branch","line":111,"loc":{"start":{"line":111,"column":30},"end":{"line":112,"column":14}},"locations":[{"start":{"line":111,"column":30},"end":{"line":112,"column":14}}]},"52":{"type":"branch","line":112,"loc":{"start":{"line":112,"column":13},"end":{"line":112,"column":29}},"locations":[{"start":{"line":112,"column":13},"end":{"line":112,"column":29}}]},"53":{"type":"branch","line":112,"loc":{"start":{"line":112,"column":27},"end":{"line":114,"column":1}},"locations":[{"start":{"line":112,"column":27},"end":{"line":114,"column":1}}]},"54":{"type":"branch","line":117,"loc":{"start":{"line":117,"column":7},"end":{"line":125,"column":1}},"locations":[{"start":{"line":117,"column":7},"end":{"line":125,"column":1}}]},"55":{"type":"branch","line":118,"loc":{"start":{"line":118,"column":18},"end":{"line":125,"column":1}},"locations":[{"start":{"line":118,"column":18},"end":{"line":125,"column":1}}]},"56":{"type":"branch","line":118,"loc":{"start":{"line":118,"column":18},"end":{"line":118,"column":28}},"locations":[{"start":{"line":118,"column":18},"end":{"line":118,"column":28}}]},"57":{"type":"branch","line":121,"loc":{"start":{"line":121,"column":34},"end":{"line":124,"column":3}},"locations":[{"start":{"line":121,"column":34},"end":{"line":124,"column":3}}]},"58":{"type":"branch","line":126,"loc":{"start":{"line":126,"column":27},"end":{"line":126,"column":87}},"locations":[{"start":{"line":126,"column":27},"end":{"line":126,"column":87}}]},"59":{"type":"branch","line":127,"loc":{"start":{"line":127,"column":23},"end":{"line":128,"column":85}},"locations":[{"start":{"line":127,"column":23},"end":{"line":128,"column":85}}]},"60":{"type":"branch","line":128,"loc":{"start":{"line":128,"column":2},"end":{"line":128,"column":38}},"locations":[{"start":{"line":128,"column":2},"end":{"line":128,"column":38}}]},"61":{"type":"branch","line":128,"loc":{"start":{"line":128,"column":34},"end":{"line":128,"column":85}},"locations":[{"start":{"line":128,"column":34},"end":{"line":128,"column":85}}]},"62":{"type":"branch","line":133,"loc":{"start":{"line":133,"column":26},"end":{"line":137,"column":5}},"locations":[{"start":{"line":133,"column":26},"end":{"line":137,"column":5}}]},"63":{"type":"branch","line":134,"loc":{"start":{"line":134,"column":24},"end":{"line":137,"column":5}},"locations":[{"start":{"line":134,"column":24},"end":{"line":137,"column":5}}]},"64":{"type":"branch","line":142,"loc":{"start":{"line":142,"column":7},"end":{"line":158,"column":1}},"locations":[{"start":{"line":142,"column":7},"end":{"line":158,"column":1}}]},"65":{"type":"branch","line":143,"loc":{"start":{"line":143,"column":21},"end":{"line":143,"column":40}},"locations":[{"start":{"line":143,"column":21},"end":{"line":143,"column":40}}]},"66":{"type":"branch","line":143,"loc":{"start":{"line":143,"column":28},"end":{"line":144,"column":32}},"locations":[{"start":{"line":143,"column":28},"end":{"line":144,"column":32}}]},"67":{"type":"branch","line":144,"loc":{"start":{"line":144,"column":25},"end":{"line":158,"column":1}},"locations":[{"start":{"line":144,"column":25},"end":{"line":158,"column":1}}]},"68":{"type":"branch","line":144,"loc":{"start":{"line":144,"column":41},"end":{"line":146,"column":31}},"locations":[{"start":{"line":144,"column":41},"end":{"line":146,"column":31}}]},"69":{"type":"branch","line":146,"loc":{"start":{"line":146,"column":24},"end":{"line":146,"column":40}},"locations":[{"start":{"line":146,"column":24},"end":{"line":146,"column":40}}]},"70":{"type":"branch","line":146,"loc":{"start":{"line":146,"column":36},"end":{"line":147,"column":32}},"locations":[{"start":{"line":146,"column":36},"end":{"line":147,"column":32}}]},"71":{"type":"branch","line":147,"loc":{"start":{"line":147,"column":42},"end":{"line":147,"column":67}},"locations":[{"start":{"line":147,"column":42},"end":{"line":147,"column":67}}]},"72":{"type":"branch","line":147,"loc":{"start":{"line":147,"column":67},"end":{"line":147,"column":83}},"locations":[{"start":{"line":147,"column":67},"end":{"line":147,"column":83}}]},"73":{"type":"branch","line":147,"loc":{"start":{"line":147,"column":79},"end":{"line":150,"column":28}},"locations":[{"start":{"line":147,"column":79},"end":{"line":150,"column":28}}]},"74":{"type":"branch","line":150,"loc":{"start":{"line":150,"column":28},"end":{"line":156,"column":3}},"locations":[{"start":{"line":150,"column":28},"end":{"line":156,"column":3}}]},"75":{"type":"branch","line":152,"loc":{"start":{"line":152,"column":21},"end":{"line":155,"column":5}},"locations":[{"start":{"line":152,"column":21},"end":{"line":155,"column":5}}]},"76":{"type":"branch","line":156,"loc":{"start":{"line":156,"column":2},"end":{"line":158,"column":1}},"locations":[{"start":{"line":156,"column":2},"end":{"line":158,"column":1}}]}},"b":{"0":[36],"1":[1],"2":[35],"3":[32],"4":[3],"5":[32],"6":[0],"7":[31],"8":[6],"9":[4],"10":[2],"11":[6],"12":[2],"13":[1],"14":[1],"15":[9],"16":[0],"17":[37],"18":[9],"19":[28],"20":[0],"21":[18],"22":[0],"23":[12],"24":[6],"25":[3],"26":[1],"27":[2],"28":[6],"29":[3],"30":[2],"31":[1],"32":[1],"33":[21],"34":[17],"35":[4],"36":[3],"37":[8],"38":[2],"39":[1],"40":[32],"41":[30],"42":[2],"43":[304],"44":[90],"45":[33],"46":[32],"47":[0],"48":[1],"49":[9],"50":[1],"51":[8],"52":[4],"53":[8],"54":[3],"55":[2],"56":[1],"57":[6],"58":[8],"59":[13],"60":[12],"61":[1],"62":[5],"63":[15],"64":[13],"65":[1],"66":[12],"67":[7],"68":[5],"69":[1],"70":[4],"71":[6],"72":[3],"73":[1],"74":[2],"75":[1],"76":[1]},"fnMap":{"0":{"name":"filePathFromContainer","decl":{"start":{"line":31,"column":7},"end":{"line":45,"column":1}},"loc":{"start":{"line":31,"column":7},"end":{"line":45,"column":1}},"line":31},"1":{"name":"diffContainerOf","decl":{"start":{"line":47,"column":7},"end":{"line":51,"column":1}},"loc":{"start":{"line":47,"column":7},"end":{"line":51,"column":1}},"line":47},"2":{"name":"containerForFile","decl":{"start":{"line":54,"column":7},"end":{"line":60,"column":1}},"loc":{"start":{"line":54,"column":7},"end":{"line":60,"column":1}},"line":54},"3":{"name":"lineRangeOf","decl":{"start":{"line":64,"column":7},"end":{"line":78,"column":1}},"loc":{"start":{"line":64,"column":7},"end":{"line":78,"column":1}},"line":64},"4":{"name":"rowForLine","decl":{"start":{"line":80,"column":7},"end":{"line":83,"column":1}},"loc":{"start":{"line":80,"column":7},"end":{"line":83,"column":1}},"line":80},"5":{"name":"rowForText","decl":{"start":{"line":84,"column":7},"end":{"line":89,"column":1}},"loc":{"start":{"line":84,"column":7},"end":{"line":89,"column":1}},"line":84},"6":{"name":"lineOfRow","decl":{"start":{"line":91,"column":25},"end":{"line":94,"column":2}},"loc":{"start":{"line":91,"column":25},"end":{"line":94,"column":2}},"line":91},"7":{"name":"textCellOf","decl":{"start":{"line":99,"column":19},"end":{"line":99,"column":92}},"loc":{"start":{"line":99,"column":19},"end":{"line":99,"column":92}},"line":99},"8":{"name":"rowsOf","decl":{"start":{"line":101,"column":22},"end":{"line":102,"column":73}},"loc":{"start":{"line":101,"column":22},"end":{"line":102,"column":73}},"line":101},"9":{"name":"cleanLine","decl":{"start":{"line":103,"column":25},"end":{"line":106,"column":2}},"loc":{"start":{"line":103,"column":25},"end":{"line":106,"column":2}},"line":103},"10":{"name":"rowsBetween","decl":{"start":{"line":107,"column":7},"end":{"line":114,"column":1}},"loc":{"start":{"line":107,"column":7},"end":{"line":114,"column":1}},"line":107},"11":{"name":"rowsInRange","decl":{"start":{"line":117,"column":7},"end":{"line":125,"column":1}},"loc":{"start":{"line":117,"column":7},"end":{"line":125,"column":1}},"line":117},"12":{"name":"codeForRows","decl":{"start":{"line":126,"column":27},"end":{"line":126,"column":87}},"loc":{"start":{"line":126,"column":27},"end":{"line":126,"column":87}},"line":126},"13":{"name":"rowRect","decl":{"start":{"line":127,"column":23},"end":{"line":128,"column":85}},"loc":{"start":{"line":127,"column":23},"end":{"line":128,"column":85}},"line":127},"14":{"name":"rowBandsOf","decl":{"start":{"line":133,"column":26},"end":{"line":137,"column":5}},"loc":{"start":{"line":133,"column":26},"end":{"line":137,"column":5}},"line":133},"15":{"name":"rowAtY","decl":{"start":{"line":142,"column":7},"end":{"line":158,"column":1}},"loc":{"start":{"line":142,"column":7},"end":{"line":158,"column":1}},"line":142}},"f":{"0":36,"1":9,"2":18,"3":3,"4":21,"5":3,"6":32,"7":304,"8":90,"9":33,"10":9,"11":3,"12":8,"13":13,"14":5,"15":13}}
,"/Users/alexyanchenko/code/your-org/pr-walkthrough/packages/extension/src/content/midgard/grip.ts": {"path":"/Users/alexyanchenko/code/your-org/pr-walkthrough/packages/extension/src/content/midgard/grip.ts","all":false,"statementMap":{"0":{"start":{"line":1,"column":0},"end":{"line":1,"column":79}},"21":{"start":{"line":22,"column":0},"end":{"line":22,"column":91}},"22":{"start":{"line":23,"column":0},"end":{"line":23,"column":42}},"23":{"start":{"line":24,"column":0},"end":{"line":24,"column":142}},"30":{"start":{"line":31,"column":0},"end":{"line":31,"column":53}},"31":{"start":{"line":32,"column":0},"end":{"line":32,"column":44}},"32":{"start":{"line":33,"column":0},"end":{"line":33,"column":43}},"33":{"start":{"line":34,"column":0},"end":{"line":34,"column":82}},"34":{"start":{"line":35,"column":0},"end":{"line":35,"column":22}},"35":{"start":{"line":36,"column":0},"end":{"line":36,"column":35}},"36":{"start":{"line":37,"column":0},"end":{"line":37,"column":28}},"38":{"start":{"line":39,"column":0},"end":{"line":39,"column":41}},"39":{"start":{"line":40,"column":0},"end":{"line":40,"column":36}},"40":{"start":{"line":41,"column":0},"end":{"line":41,"column":5}},"42":{"start":{"line":43,"column":0},"end":{"line":43,"column":38}},"43":{"start":{"line":44,"column":0},"end":{"line":44,"column":15}},"44":{"start":{"line":45,"column":0},"end":{"line":45,"column":46}},"45":{"start":{"line":46,"column":0},"end":{"line":46,"column":51}},"46":{"start":{"line":47,"column":0},"end":{"line":47,"column":5}},"50":{"start":{"line":51,"column":0},"end":{"line":51,"column":62}},"51":{"start":{"line":52,"column":0},"end":{"line":52,"column":52}},"52":{"start":{"line":53,"column":0},"end":{"line":53,"column":37}},"53":{"start":{"line":54,"column":0},"end":{"line":54,"column":36}},"54":{"start":{"line":55,"column":0},"end":{"line":55,"column":35}},"55":{"start":{"line":56,"column":0},"end":{"line":56,"column":51}},"56":{"start":{"line":57,"column":0},"end":{"line":57,"column":12}},"57":{"start":{"line":58,"column":0},"end":{"line":58,"column":52}},"58":{"start":{"line":59,"column":0},"end":{"line":59,"column":11}},"59":{"start":{"line":60,"column":0},"end":{"line":60,"column":11}},"60":{"start":{"line":61,"column":0},"end":{"line":61,"column":92}},"61":{"start":{"line":62,"column":0},"end":{"line":62,"column":31}},"62":{"start":{"line":63,"column":0},"end":{"line":63,"column":6}},"63":{"start":{"line":64,"column":0},"end":{"line":64,"column":3}},"65":{"start":{"line":66,"column":0},"end":{"line":66,"column":31}},"66":{"start":{"line":67,"column":0},"end":{"line":67,"column":21}},"67":{"start":{"line":68,"column":0},"end":{"line":68,"column":44}},"68":{"start":{"line":69,"column":0},"end":{"line":69,"column":32}},"69":{"start":{"line":70,"column":0},"end":{"line":70,"column":89}},"70":{"start":{"line":71,"column":0},"end":{"line":71,"column":51}},"71":{"start":{"line":72,"column":0},"end":{"line":72,"column":60}},"72":{"start":{"line":73,"column":0},"end":{"line":73,"column":32}},"73":{"start":{"line":74,"column":0},"end":{"line":74,"column":36}},"74":{"start":{"line":75,"column":0},"end":{"line":75,"column":51}},"75":{"start":{"line":76,"column":0},"end":{"line":76,"column":3}},"76":{"start":{"line":77,"column":0},"end":{"line":77,"column":43}},"77":{"start":{"line":78,"column":0},"end":{"line":78,"column":18}},"78":{"start":{"line":79,"column":0},"end":{"line":79,"column":77}},"79":{"start":{"line":80,"column":0},"end":{"line":80,"column":38}},"80":{"start":{"line":81,"column":0},"end":{"line":81,"column":36}},"81":{"start":{"line":82,"column":0},"end":{"line":82,"column":40}},"82":{"start":{"line":83,"column":0},"end":{"line":83,"column":5}},"83":{"start":{"line":84,"column":0},"end":{"line":84,"column":18}},"84":{"start":{"line":85,"column":0},"end":{"line":85,"column":3}},"86":{"start":{"line":87,"column":0},"end":{"line":87,"column":77}},"87":{"start":{"line":88,"column":0},"end":{"line":88,"column":17}},"88":{"start":{"line":89,"column":0},"end":{"line":89,"column":22}},"89":{"start":{"line":90,"column":0},"end":{"line":90,"column":42}},"91":{"start":{"line":92,"column":0},"end":{"line":92,"column":41}},"92":{"start":{"line":93,"column":0},"end":{"line":93,"column":56}},"93":{"start":{"line":94,"column":0},"end":{"line":94,"column":32}},"94":{"start":{"line":95,"column":0},"end":{"line":95,"column":41}},"95":{"start":{"line":96,"column":0},"end":{"line":96,"column":3}},"97":{"start":{"line":98,"column":0},"end":{"line":98,"column":46}},"98":{"start":{"line":99,"column":0},"end":{"line":99,"column":31}},"99":{"start":{"line":100,"column":0},"end":{"line":100,"column":23}},"100":{"start":{"line":101,"column":0},"end":{"line":101,"column":68}},"101":{"start":{"line":102,"column":0},"end":{"line":102,"column":49}},"102":{"start":{"line":103,"column":0},"end":{"line":103,"column":58}},"103":{"start":{"line":104,"column":0},"end":{"line":104,"column":67}},"104":{"start":{"line":105,"column":0},"end":{"line":105,"column":42}},"105":{"start":{"line":106,"column":0},"end":{"line":106,"column":36}},"106":{"start":{"line":107,"column":0},"end":{"line":107,"column":25}},"107":{"start":{"line":108,"column":0},"end":{"line":108,"column":41}},"108":{"start":{"line":109,"column":0},"end":{"line":109,"column":23}},"109":{"start":{"line":110,"column":0},"end":{"line":110,"column":35}},"110":{"start":{"line":111,"column":0},"end":{"line":111,"column":60}},"111":{"start":{"line":112,"column":0},"end":{"line":112,"column":8}},"112":{"start":{"line":113,"column":0},"end":{"line":113,"column":25}},"113":{"start":{"line":114,"column":0},"end":{"line":114,"column":6}},"115":{"start":{"line":116,"column":0},"end":{"line":116,"column":109}},"116":{"start":{"line":117,"column":0},"end":{"line":117,"column":52}},"117":{"start":{"line":118,"column":0},"end":{"line":118,"column":31}},"118":{"start":{"line":119,"column":0},"end":{"line":119,"column":55}},"119":{"start":{"line":120,"column":0},"end":{"line":120,"column":31}},"122":{"start":{"line":123,"column":0},"end":{"line":123,"column":37}},"123":{"start":{"line":124,"column":0},"end":{"line":124,"column":57}},"124":{"start":{"line":125,"column":0},"end":{"line":125,"column":3}},"126":{"start":{"line":127,"column":0},"end":{"line":127,"column":44}},"127":{"start":{"line":128,"column":0},"end":{"line":128,"column":23}},"128":{"start":{"line":129,"column":0},"end":{"line":129,"column":24}},"129":{"start":{"line":130,"column":0},"end":{"line":130,"column":27}},"130":{"start":{"line":131,"column":0},"end":{"line":131,"column":87}},"131":{"start":{"line":132,"column":0},"end":{"line":132,"column":48}},"132":{"start":{"line":133,"column":0},"end":{"line":133,"column":49}},"133":{"start":{"line":134,"column":0},"end":{"line":134,"column":42}},"134":{"start":{"line":135,"column":0},"end":{"line":135,"column":35}},"135":{"start":{"line":136,"column":0},"end":{"line":136,"column":40}},"136":{"start":{"line":137,"column":0},"end":{"line":137,"column":19}},"137":{"start":{"line":138,"column":0},"end":{"line":138,"column":42}},"138":{"start":{"line":139,"column":0},"end":{"line":139,"column":30}},"139":{"start":{"line":140,"column":0},"end":{"line":140,"column":38}},"140":{"start":{"line":141,"column":0},"end":{"line":141,"column":26}},"143":{"start":{"line":144,"column":0},"end":{"line":144,"column":54}},"144":{"start":{"line":145,"column":0},"end":{"line":145,"column":95}},"145":{"start":{"line":146,"column":0},"end":{"line":146,"column":6}},"146":{"start":{"line":147,"column":0},"end":{"line":147,"column":36}},"147":{"start":{"line":148,"column":0},"end":{"line":148,"column":54}},"148":{"start":{"line":149,"column":0},"end":{"line":149,"column":50}},"149":{"start":{"line":150,"column":0},"end":{"line":150,"column":53}},"150":{"start":{"line":151,"column":0},"end":{"line":151,"column":55}},"151":{"start":{"line":152,"column":0},"end":{"line":152,"column":68}},"152":{"start":{"line":153,"column":0},"end":{"line":153,"column":60}},"153":{"start":{"line":154,"column":0},"end":{"line":154,"column":22}},"154":{"start":{"line":155,"column":0},"end":{"line":155,"column":71}},"155":{"start":{"line":156,"column":0},"end":{"line":156,"column":26}},"156":{"start":{"line":157,"column":0},"end":{"line":157,"column":32}},"157":{"start":{"line":158,"column":0},"end":{"line":158,"column":54}},"158":{"start":{"line":159,"column":0},"end":{"line":159,"column":43}},"159":{"start":{"line":160,"column":0},"end":{"line":160,"column":6}},"160":{"start":{"line":161,"column":0},"end":{"line":161,"column":49}},"161":{"start":{"line":162,"column":0},"end":{"line":162,"column":45}},"162":{"start":{"line":163,"column":0},"end":{"line":163,"column":3}},"164":{"start":{"line":165,"column":0},"end":{"line":165,"column":49}},"165":{"start":{"line":166,"column":0},"end":{"line":166,"column":36}},"166":{"start":{"line":167,"column":0},"end":{"line":167,"column":65}},"167":{"start":{"line":168,"column":0},"end":{"line":168,"column":24}},"168":{"start":{"line":169,"column":0},"end":{"line":169,"column":67}},"169":{"start":{"line":170,"column":0},"end":{"line":170,"column":73}},"170":{"start":{"line":171,"column":0},"end":{"line":171,"column":51}},"171":{"start":{"line":172,"column":0},"end":{"line":172,"column":14}},"172":{"start":{"line":173,"column":0},"end":{"line":173,"column":45}},"173":{"start":{"line":174,"column":0},"end":{"line":174,"column":34}},"174":{"start":{"line":175,"column":0},"end":{"line":175,"column":70}},"175":{"start":{"line":176,"column":0},"end":{"line":176,"column":58}},"176":{"start":{"line":177,"column":0},"end":{"line":177,"column":34}},"177":{"start":{"line":178,"column":0},"end":{"line":178,"column":5}},"178":{"start":{"line":179,"column":0},"end":{"line":179,"column":5}},"179":{"start":{"line":180,"column":0},"end":{"line":180,"column":1}}},"s":{"0":1,"21":1,"22":1,"23":7,"30":1,"31":1,"32":1,"33":1,"34":1,"35":1,"36":1,"38":1,"39":8,"40":1,"42":1,"43":13,"44":13,"45":13,"46":1,"50":1,"51":7,"52":7,"53":7,"54":7,"55":7,"56":7,"57":7,"58":7,"59":7,"60":7,"61":7,"62":7,"63":7,"65":1,"66":7,"67":1,"68":1,"69":1,"70":1,"71":1,"72":1,"73":1,"74":1,"75":7,"76":1,"77":5,"78":1,"79":1,"80":1,"81":1,"82":1,"83":5,"84":5,"86":1,"87":7,"88":7,"89":7,"91":7,"92":7,"93":7,"94":7,"95":7,"97":1,"98":5,"99":5,"100":5,"101":6,"102":6,"103":6,"104":6,"105":6,"106":6,"107":3,"108":3,"109":2,"110":2,"111":3,"112":6,"113":6,"115":5,"116":5,"117":5,"118":5,"119":5,"122":5,"123":5,"124":5,"126":1,"127":5,"128":5,"129":5,"130":5,"131":5,"132":5,"133":5,"134":5,"135":5,"136":5,"137":5,"138":5,"139":5,"140":1,"143":1,"144":1,"145":1,"146":5,"147":5,"148":5,"149":5,"150":5,"151":5,"152":5,"153":5,"154":5,"155":5,"156":5,"157":5,"158":5,"159":5,"160":5,"161":5,"162":5,"164":1,"165":9,"166":9,"167":9,"168":9,"169":9,"170":9,"171":9,"172":8,"173":8,"174":8,"175":9,"176":1,"177":1,"178":1,"179":1},"branchMap":{"0":{"type":"branch","line":23,"loc":{"start":{"line":23,"column":16},"end":{"line":24,"column":142}},"locations":[{"start":{"line":23,"column":16},"end":{"line":24,"column":142}}]},"1":{"type":"branch","line":31,"loc":{"start":{"line":31,"column":7},"end":{"line":180,"column":1}},"locations":[{"start":{"line":31,"column":7},"end":{"line":180,"column":1}}]},"2":{"type":"branch","line":39,"loc":{"start":{"line":39,"column":33},"end":{"line":41,"column":3}},"locations":[{"start":{"line":39,"column":33},"end":{"line":41,"column":3}}]},"3":{"type":"branch","line":43,"loc":{"start":{"line":43,"column":31},"end":{"line":47,"column":3}},"locations":[{"start":{"line":43,"column":31},"end":{"line":47,"column":3}}]},"4":{"type":"branch","line":45,"loc":{"start":{"line":45,"column":16},"end":{"line":45,"column":46}},"locations":[{"start":{"line":45,"column":16},"end":{"line":45,"column":46}}]},"5":{"type":"branch","line":51,"loc":{"start":{"line":51,"column":2},"end":{"line":64,"column":3}},"locations":[{"start":{"line":51,"column":2},"end":{"line":64,"column":3}}]},"6":{"type":"branch","line":54,"loc":{"start":{"line":54,"column":24},"end":{"line":54,"column":36}},"locations":[{"start":{"line":54,"column":24},"end":{"line":54,"column":36}}]},"7":{"type":"branch","line":61,"loc":{"start":{"line":61,"column":83},"end":{"line":61,"column":92}},"locations":[{"start":{"line":61,"column":83},"end":{"line":61,"column":92}}]},"8":{"type":"branch","line":66,"loc":{"start":{"line":66,"column":2},"end":{"line":76,"column":3}},"locations":[{"start":{"line":66,"column":2},"end":{"line":76,"column":3}}]},"9":{"type":"branch","line":67,"loc":{"start":{"line":67,"column":14},"end":{"line":67,"column":21}},"locations":[{"start":{"line":67,"column":14},"end":{"line":67,"column":21}}]},"10":{"type":"branch","line":67,"loc":{"start":{"line":67,"column":14},"end":{"line":75,"column":51}},"locations":[{"start":{"line":67,"column":14},"end":{"line":75,"column":51}}]},"11":{"type":"branch","line":77,"loc":{"start":{"line":77,"column":2},"end":{"line":85,"column":3}},"locations":[{"start":{"line":77,"column":2},"end":{"line":85,"column":3}}]},"12":{"type":"branch","line":78,"loc":{"start":{"line":78,"column":17},"end":{"line":83,"column":5}},"locations":[{"start":{"line":78,"column":17},"end":{"line":83,"column":5}}]},"13":{"type":"branch","line":87,"loc":{"start":{"line":87,"column":2},"end":{"line":96,"column":3}},"locations":[{"start":{"line":87,"column":2},"end":{"line":96,"column":3}}]},"14":{"type":"branch","line":89,"loc":{"start":{"line":89,"column":15},"end":{"line":89,"column":22}},"locations":[{"start":{"line":89,"column":15},"end":{"line":89,"column":22}}]},"15":{"type":"branch","line":98,"loc":{"start":{"line":98,"column":2},"end":{"line":125,"column":3}},"locations":[{"start":{"line":98,"column":2},"end":{"line":125,"column":3}}]},"16":{"type":"branch","line":116,"loc":{"start":{"line":116,"column":23},"end":{"line":116,"column":109}},"locations":[{"start":{"line":116,"column":23},"end":{"line":116,"column":109}}]},"17":{"type":"branch","line":101,"loc":{"start":{"line":101,"column":15},"end":{"line":114,"column":6}},"locations":[{"start":{"line":101,"column":15},"end":{"line":114,"column":6}}]},"18":{"type":"branch","line":103,"loc":{"start":{"line":103,"column":36},"end":{"line":103,"column":54}},"locations":[{"start":{"line":103,"column":36},"end":{"line":103,"column":54}}]},"19":{"type":"branch","line":103,"loc":{"start":{"line":103,"column":48},"end":{"line":103,"column":58}},"locations":[{"start":{"line":103,"column":48},"end":{"line":103,"column":58}}]},"20":{"type":"branch","line":107,"loc":{"start":{"line":107,"column":18},"end":{"line":112,"column":8}},"locations":[{"start":{"line":107,"column":18},"end":{"line":112,"column":8}}]},"21":{"type":"branch","line":108,"loc":{"start":{"line":108,"column":18},"end":{"line":108,"column":41}},"locations":[{"start":{"line":108,"column":18},"end":{"line":108,"column":41}}]},"22":{"type":"branch","line":109,"loc":{"start":{"line":109,"column":16},"end":{"line":109,"column":23}},"locations":[{"start":{"line":109,"column":16},"end":{"line":109,"column":23}}]},"23":{"type":"branch","line":109,"loc":{"start":{"line":109,"column":16},"end":{"line":111,"column":60}},"locations":[{"start":{"line":109,"column":16},"end":{"line":111,"column":60}}]},"24":{"type":"branch","line":127,"loc":{"start":{"line":127,"column":2},"end":{"line":163,"column":3}},"locations":[{"start":{"line":127,"column":2},"end":{"line":163,"column":3}}]},"25":{"type":"branch","line":130,"loc":{"start":{"line":130,"column":20},"end":{"line":130,"column":27}},"locations":[{"start":{"line":130,"column":20},"end":{"line":130,"column":27}}]},"26":{"type":"branch","line":140,"loc":{"start":{"line":140,"column":17},"end":{"line":146,"column":6}},"locations":[{"start":{"line":140,"column":17},"end":{"line":146,"column":6}}]},"27":{"type":"branch","line":147,"loc":{"start":{"line":147,"column":15},"end":{"line":160,"column":6}},"locations":[{"start":{"line":147,"column":15},"end":{"line":160,"column":6}}]},"28":{"type":"branch","line":152,"loc":{"start":{"line":152,"column":50},"end":{"line":152,"column":68}},"locations":[{"start":{"line":152,"column":50},"end":{"line":152,"column":68}}]},"29":{"type":"branch","line":165,"loc":{"start":{"line":165,"column":41},"end":{"line":179,"column":3}},"locations":[{"start":{"line":165,"column":41},"end":{"line":179,"column":3}}]},"30":{"type":"branch","line":166,"loc":{"start":{"line":166,"column":17},"end":{"line":166,"column":36}},"locations":[{"start":{"line":166,"column":17},"end":{"line":166,"column":36}}]},"31":{"type":"branch","line":167,"loc":{"start":{"line":167,"column":51},"end":{"line":167,"column":65}},"locations":[{"start":{"line":167,"column":51},"end":{"line":167,"column":65}}]},"32":{"type":"branch","line":168,"loc":{"start":{"line":168,"column":17},"end":{"line":168,"column":24}},"locations":[{"start":{"line":168,"column":17},"end":{"line":168,"column":24}}]},"33":{"type":"branch","line":169,"loc":{"start":{"line":169,"column":8},"end":{"line":169,"column":60}},"locations":[{"start":{"line":169,"column":8},"end":{"line":169,"column":60}}]},"34":{"type":"branch","line":169,"loc":{"start":{"line":169,"column":60},"end":{"line":169,"column":67}},"locations":[{"start":{"line":169,"column":60},"end":{"line":169,"column":67}}]},"35":{"type":"branch","line":170,"loc":{"start":{"line":170,"column":8},"end":{"line":170,"column":66}},"locations":[{"start":{"line":170,"column":8},"end":{"line":170,"column":66}}]},"36":{"type":"branch","line":170,"loc":{"start":{"line":170,"column":66},"end":{"line":170,"column":73}},"locations":[{"start":{"line":170,"column":66},"end":{"line":170,"column":73}}]},"37":{"type":"branch","line":172,"loc":{"start":{"line":172,"column":13},"end":{"line":176,"column":15}},"locations":[{"start":{"line":172,"column":13},"end":{"line":176,"column":15}}]},"38":{"type":"branch","line":175,"loc":{"start":{"line":175,"column":37},"end":{"line":175,"column":70}},"locations":[{"start":{"line":175,"column":37},"end":{"line":175,"column":70}}]},"39":{"type":"branch","line":176,"loc":{"start":{"line":176,"column":4},"end":{"line":178,"column":5}},"locations":[{"start":{"line":176,"column":4},"end":{"line":178,"column":5}}]}},"b":{"0":[7],"1":[1],"2":[8],"3":[13],"4":[10],"5":[7],"6":[0],"7":[0],"8":[7],"9":[6],"10":[1],"11":[5],"12":[1],"13":[7],"14":[0],"15":[5],"16":[1],"17":[6],"18":[1],"19":[5],"20":[3],"21":[2],"22":[1],"23":[2],"24":[5],"25":[0],"26":[1],"27":[5],"28":[0],"29":[9],"30":[0],"31":[0],"32":[0],"33":[8],"34":[0],"35":[6],"36":[0],"37":[8],"38":[7],"39":[1]},"fnMap":{"0":{"name":"svgIcon","decl":{"start":{"line":23,"column":16},"end":{"line":24,"column":142}},"loc":{"start":{"line":23,"column":16},"end":{"line":24,"column":142}},"line":23},"1":{"name":"connectGrip","decl":{"start":{"line":31,"column":7},"end":{"line":180,"column":1}},"loc":{"start":{"line":31,"column":7},"end":{"line":180,"column":1}},"line":31},"2":{"name":"payloadFor","decl":{"start":{"line":51,"column":2},"end":{"line":64,"column":3}},"loc":{"start":{"line":51,"column":2},"end":{"line":64,"column":3}},"line":51},"3":{"name":"ensureGrip","decl":{"start":{"line":66,"column":2},"end":{"line":76,"column":3}},"loc":{"start":{"line":66,"column":2},"end":{"line":76,"column":3}},"line":66},"4":{"name":"ensureAskBtn","decl":{"start":{"line":77,"column":2},"end":{"line":85,"column":3}},"loc":{"start":{"line":77,"column":2},"end":{"line":85,"column":3}},"line":77},"5":{"name":"showGripAt","decl":{"start":{"line":87,"column":2},"end":{"line":96,"column":3}},"loc":{"start":{"line":87,"column":2},"end":{"line":96,"column":3}},"line":87},"6":{"name":"showAskBtn","decl":{"start":{"line":98,"column":2},"end":{"line":125,"column":3}},"loc":{"start":{"line":98,"column":2},"end":{"line":125,"column":3}},"line":98},"7":{"name":"mk","decl":{"start":{"line":101,"column":15},"end":{"line":114,"column":6}},"loc":{"start":{"line":101,"column":15},"end":{"line":114,"column":6}},"line":101},"8":{"name":"b.onclick","decl":{"start":{"line":107,"column":18},"end":{"line":112,"column":8}},"loc":{"start":{"line":107,"column":18},"end":{"line":112,"column":8}},"line":107},"9":{"name":"onGripDown","decl":{"start":{"line":127,"column":2},"end":{"line":163,"column":3}},"loc":{"start":{"line":127,"column":2},"end":{"line":163,"column":3}},"line":127},"10":{"name":"move","decl":{"start":{"line":140,"column":17},"end":{"line":146,"column":6}},"loc":{"start":{"line":140,"column":17},"end":{"line":146,"column":6}},"line":140},"11":{"name":"up","decl":{"start":{"line":147,"column":15},"end":{"line":160,"column":6}},"loc":{"start":{"line":147,"column":15},"end":{"line":160,"column":6}},"line":147}},"f":{
[...]
2,"column":4}},"72":{"start":{"line":73,"column":0},"end":{"line":73,"column":110}},"73":{"start":{"line":74,"column":0},"end":{"line":74,"column":17}},"74":{"start":{"line":75,"column":0},"end":{"line":75,"column":1}},"77":{"start":{"line":78,"column":0},"end":{"line":78,"column":91}},"78":{"start":{"line":79,"column":0},"end":{"line":79,"column":77}},"79":{"start":{"line":80,"column":0},"end":{"line":80,"column":7}},"80":{"start":{"line":81,"column":0},"end":{"line":81,"column":34}},"81":{"start":{"line":82,"column":0},"end":{"line":82,"column":44}},"82":{"start":{"line":83,"column":0},"end":{"line":83,"column":31}},"83":{"start":{"line":84,"column":0},"end":{"line":84,"column":99}},"84":{"start":{"line":85,"column":0},"end":{"line":85,"column":11}},"85":{"start":{"line":86,"column":0},"end":{"line":86,"column":16}},"86":{"start":{"line":87,"column":0},"end":{"line":87,"column":3}},"87":{"start":{"line":88,"column":0},"end":{"line":88,"column":1}},"90":{"start":{"line":91,"column":0},"end":{"line":91,"column":103}},"94":{"start":{"line":95,"column":0},"end":{"line":95,"column":56}},"95":{"start":{"line":96,"column":0},"end":{"line":96,"column":24}},"96":{"start":{"line":97,"column":0},"end":{"line":97,"column":38}},"97":{"start":{"line":98,"column":0},"end":{"line":98,"column":2}}},"s":{"0":1,"13":1,"16":1,"18":1,"23":1,"24":15,"25":15,"26":5,"27":5,"40":1,"41":8,"42":8,"43":8,"44":8,"45":3,"46":3,"49":1,"50":0,"51":0,"52":0,"53":0,"54":0,"55":0,"56":0,"57":0,"58":0,"59":0,"60":0,"65":1,"66":0,"67":0,"68":0,"69":0,"70":0,"71":0,"72":0,"73":0,"74":0,"77":5,"78":5,"79":5,"80":5,"81":5,"82":4,"83":5,"84":5,"85":1,"86":1,"87":5,"90":1,"94":1,"95":4,"96":4,"97":4},"branchMap":{"0":{"type":"branch","line":19,"loc":{"start":{"line":19,"column":23},"end":{"line":19,"column":97}},"locations":[{"start":{"line":19,"column":23},"end":{"line":19,"column":97}}]},"1":{"type":"branch","line":24,"loc":{"start":{"line":24,"column":7},"end":{"line":28,"column":1}},"locations":[{"start":{"line":24,"column":7},"end":{"line":28,"column":1}}]},"2":{"type":"branch","line":25,"loc":{"start":{"line":25,"column":37},"end":{"line":25,"column":50}},"locations":[{"start":{"line":25,"column":37},"end":{"line":25,"column":50}}]},"3":{"type":"branch","line":25,"loc":{"start":{"line":25,"column":44},"end":{"line":26,"column":39}},"locations":[{"start":{"line":25,"column":44},"end":{"line":26,"column":39}}]},"4":{"type":"branch","line":26,"loc":{"start":{"line":26,"column":32},"end":{"line":26,"column":45}},"locations":[{"start":{"line":26,"column":32},"end":{"line":26,"column":45}}]},"5":{"type":"branch","line":26,"loc":{"start":{"line":26,"column":39},"end":{"line":28,"column":1}},"locations":[{"start":{"line":26,"column":39},"end":{"line":28,"column":1}}]},"6":{"type":"branch","line":41,"loc":{"start":{"line":41,"column":7},"end":{"line":47,"column":1}},"locations":[{"start":{"line":41,"column":7},"end":{"line":47,"column":1}}]},"7":{"type":"branch","line":42,"loc":{"start":{"line":42,"column":51},"end":{"line":42,"column":64}},"locations":[{"start":{"line":42,"column":51},"end":{"line":42,"column":64}}]},"8":{"type":"branch","line":42,"loc":{"start":{"line":42,"column":58},"end":{"line":43,"column":38}},"locations":[{"start":{"line":42,"column":58},"end":{"line":43,"column":38}}]},"9":{"type":"branch","line":43,"loc":{"start":{"line":43,"column":31},"end":{"line":43,"column":44}},"locations":[{"start":{"line":43,"column":31},"end":{"line":43,"column":44}}]},"10":{"type":"branch","line":43,"loc":{"start":{"line":43,"column":38},"end":{"line":44,"column":32}},"locations":[{"start":{"line":43,"column":38},"end":{"line":44,"column":32}}]},"11":{"type":"branch","line":44,"loc":{"start":{"line":44,"column":25},"end":{"line":44,"column":38}},"locations":[{"start":{"line":44,"column":25},"end":{"line":44,"column":38}}]},"12":{"type":"branch","line":44,"loc":{"start":{"line":44,"column":32},"end":{"line":45,"column":29}},"locations":[{"start":{"line":44,"column":32},"end":{"line":45,"column":29}}]},"13":{"type":"branch","line":45,"loc":{"start":{"line":45,"column":19},"end":{"line":45,"column":74}},"locations":[{"start":{"line":45,"column":19},"end":{"line":45,"column":74}}]},"14":{"type":"branch","line":45,"loc":{"start":{"line":45,"column":74},"end":{"line":45,"column":87}},"locations":[{"start":{"line":45,"column":74},"end":{"line":45,"column":87}}]},"15":{"type":"branch","line":45,"loc":{"start":{"line":45,"column":81},"end":{"line":47,"column":1}},"locations":[{"start":{"line":45,"column":81},"end":{"line":47,"column":1}}]},"16":{"type":"branch","line":78,"loc":{"start":{"line":78,"column":0},"end":{"line":88,"column":1}},"locations":[{"start":{"line":78,"column":0},"end":{"line":88,"column":1}}]},"17":{"type":"branch","line":79,"loc":{"start":{"line":79,"column":65},"end":{"line":79,"column":77}},"locations":[{"start":{"line":79,"column":65},"end":{"line":79,"column":77}}]},"18":{"type":"branch","line":82,"loc":{"start":{"line":82,"column":32},"end":{"line":82,"column":44}},"locations":[{"start":{"line":82,"column":32},"end":{"line":82,"column":44}}]},"19":{"type":"branch","line":82,"loc":{"start":{"line":82,"column":39},"end":{"line":84,"column":16}},"locations":[{"start":{"line":82,"column":39},"end":{"line":84,"column":16}}]},"20":{"type":"branch","line":84,"loc":{"start":{"line":84,"column":11},"end":{"line":84,"column":41}},"locations":[{"start":{"line":84,"column":11},"end":{"line":84,"column":41}}]},"21":{"type":"branch","line":84,"loc":{"start":{"line":84,"column":29},"end":{"line":84,"column":62}},"locations":[{"start":{"line":84,"column":29},"end":{"line":84,"column":62}}]},"22":{"type":"branch","line":84,"loc":{"start":{"line":84,"column":57},"end":{"line":84,"column":94}},"locations":[{"start":{"line":84,"column":57},"end":{"line":84,"column":94}}]},"23":{"type":"branch","line":84,"loc":{"start":{"line":84,"column":62},"end":{"line":84,"column":99}},"locations":[{"start":{"line":84,"column":62},"end":{"line":84,"column":99}}]},"24":{"type":"branch","line":85,"loc":{"start":{"line":85,"column":2},"end":{"line":87,"column":3}},"locations":[{"start":{"line":85,"column":2},"end":{"line":87,"column":3}}]},"25":{"type":"branch","line":91,"loc":{"start":{"line":91,"column":19},"end":{"line":91,"column":103}},"locations":[{"start":{"line":91,"column":19},"end":{"line":91,"column":103}}]},"26":{"type":"branch","line":91,"loc":{"start":{"line":91,"column":70},"end":{"line":91,"column":99}},"locations":[{"start":{"line":91,"column":70},"end":{"line":91,"column":99}}]},"27":{"type":"branch","line":91,"loc":{"start":{"line":91,"column":95},"end":{"line":91,"column":103}},"locations":[{"start":{"line":91,"column":95},"end":{"line":91,"column":103}}]},"28":{"type":"branch","line":95,"loc":{"start":{"line":95,"column":24},"end":{"line":98,"column":2}},"locations":[{"start":{"line":95,"column":24},"end":{"line":98,"column":2}}]},"29":{"type":"branch","line":97,"loc":{"start":{"line":97,"column":25},"end":{"line":97,"column":33}},"locations":[{"start":{"line":97,"column":25},"end":{"line":97,"column":33}}]},"30":{"type":"branch","line":97,"loc":{"start":{"line":97,"column":29},"end":{"line":97,"column":38}},"locations":[{"start":{"line":97,"column":29},"end":{"line":97,"column":38}}]}},"b":{"0":[7],"1":[15],"2":[9],"3":[6],"4":[1],"5":[5],"6":[8],"7":[1],"8":[7],"9":[2],"10":[5],"11":[1],"12":[4],"13":[2],"14":[1],"15":[3],"16":[5],"17":[0],"18":[1],"19":[4],"20":[3],"21":[2],"22":[1],"23":[2],"24":[1],"25":[7],"26":[4],"27":[3],"28":[4],"29":[1],"30":[3]},"fnMap":{"0":{"name":"isLoopbackHost","decl":{"start":{"line":19,"column":23},"end":{"line":19,"column":97}},"loc":{"start":{"line":19,"column":23},"end":{"line":19,"column":97}},"line":19},"1":{"name":"isForeignWebOrigin","decl":{"start":{"line":24,"column":7},"end":{"line":28,"column":1}},"loc":{"start":{"line":24,"column":7},"end":{"line":28,"column":1}},"line":24},"2":{"name":"isAuthorizedCaller","decl":{"start":{"line":41,"column":7},"end":{"line":47,"column":1}},"loc":{"start":{"line":41,"column":7},"end":{"line":47,"column":1}},"line":41},"3":{"name":"authorizedLocalCaller","decl":{"start":{"line":50,"column":7},"end":{"line":61,"column":1}},"loc":{"start":{"line":50,"column":7},"end":{"line":61,"column":1}},"line":50},"4":{"name":"corsHeaders","decl":{"start":{"line":66,"column":7},"end":{"line":75,"column":1}},"loc":{"start":{"line":66,"column":7},"end":{"line":75,"column":1}},"line":66},"5":{"name":"readJsonBody","decl":{"start":{"line":78,"column":0},"end":{"line":88,"column":1}},"loc":{"start":{"line":78,"column":0},"end":{"line":88,"column":1}},"line":78},"6":{"name":"str","decl":{"start":{"line":91,"column":19},"end":{"line":91,"column":103}},"loc":{"start":{"line":91,"column":19},"end":{"line":91,"column":103}},"line":91},"7":{"name":"prOrNull","decl":{"start":{"line":95,"column":24},"end":{"line":98,"column":2}},"loc":{"start":{"line":95,"column":24},"end":{"line":98,"column":2}},"line":95}},"f":{"0":7,"1":15,"2":8,"3":0,"4":0,"5":5,"6":7,"7":4}}
,"/Users/alexyanchenko/code/your-org/pr-walkthrough/packages/runes/src/anchor.ts": {"path":"/Users/alexyanchenko/code/your-org/pr-walkthrough/packages/runes/src/anchor.ts","all":false,"statementMap":{"0":{"start":{"line":1,"column":0},"end":{"line":1,"column":41}},"7":{"start":{"line":8,"column":0},"end":{"line":8,"column":49}},"8":{"start":{"line":9,"column":0},"end":{"line":9,"column":67}},"9":{"start":{"line":10,"column":0},"end":{"line":10,"column":1}}},"s":{"0":1,"7":1,"8":2,"9":2},"branchMap":{"0":{"type":"branch","line":8,"loc":{"start":{"line":8,"column":7},"end":{"line":10,"column":1}},"locations":[{"start":{"line":8,"column":7},"end":{"line":10,"column":1}}]}},"b":{"0":[2]},"fnMap":{"0":{"name":"anchorFor","decl":{"start":{"line":8,"column":7},"end":{"line":10,"column":1}},"loc":{"start":{"line":8,"column":7},"end":{"line":10,"column":1}},"line":8}},"f":{"0":2}}
,"/Users/alexyanchenko/code/your-org/pr-walkthrough/packages/runes/src/index.ts": {"path":"/Users/alexyanchenko/code/your-org/pr-walkthrough/packages/runes/src/index.ts","all":false,"statementMap":{"0":{"start":{"line":1,"column":0},"end":{"line":1,"column":23}},"1":{"start":{"line":2,"column":0},"end":{"line":2,"column":25}},"2":{"start":{"line":3,"column":0},"end":{"line":3,"column":25}},"3":{"start":{"line":4,"column":0},"end":{"line":4,"column":27}}},"s":{"0":1,"1":1,"2":1,"3":1},"branchMap":{},"b":{},"fnMap":{},"f":{}}
,"/Users/alexyanchenko/code/your-org/pr-walkthrough/packages/runes/src/markdown.ts": {"path":"/Users/alexyanchenko/code/your-org/pr-walkthrough/packages/runes/src/markdown.ts","all":false,"statementMap":{"4":{"start":{"line":5,"column":0},"end":{"line":5,"column":48}},"5":{"start":{"line":6,"column":0},"end":{"line":6,"column":79}},"7":{"start":{"line":8,"column":0},"end":{"line":8,"column":53}},"8":{"start":{"line":9,"column":0},"end":{"line":9,"column":26}},"9":{"start":{"line":10,"column":0},"end":{"line":10,"column":30}},"12":{"start":{"line":13,"column":0},"end":{"line":13,"column":102}},"13":{"start":{"line":14,"column":0},"end":{"line":14,"column":28}},"14":{"start":{"line":15,"column":0},"end":{"line":15,"column":75}},"15":{"start":{"line":16,"column":0},"end":{"line":16,"column":96}},"16":{"start":{"line":17,"column":0},"end":{"line":17,"column":31}},"17":{"start":{"line":18,"column":0},"end":{"line":18,"column":5}},"18":{"start":{"line":19,"column":0},"end":{"line":19,"column":70}},"19":{"start":{"line":20,"column":0},"end":{"line":20,"column":61}},"20":{"start":{"line":21,"column":0},"end":{"line":21,"column":7}},"21":{"start":{"line":22,"column":0},"end":{"line":22,"column":20}},"22":{"start":{"line":23,"column":0},"end":{"line":23,"column":71}},"23":{"start":{"line":24,"column":0},"end":{"line":24,"column":14}},"24":{"start":{"line":25,"column":0},"end":{"line":25,"column":10}},"25":{"start":{"line":26,"column":0},"end":{"line":26,"column":82}},"26":{"start":{"line":27,"column":0},"end":{"line":27,"column":75}},"27":{"start":{"line":28,"column":0},"end":{"line":28,"column":1}}},"s":{"4":1,"5":8,"7":1,"8":6,"9":6,"12":6,"13":3,"14":3,"15":3,"16":3,"17":6,"18":6,"19":6,"20":6,"21":6,"22":6,"23":6,"24":6,"25":6,"26":6,"27":6},"branchMap":{"0":{"type":"branch","line":5,"loc":{"start":{"line":5,"column":26},"end":{"line":6,"column":79}},"locations":[{"start":{"line":5,"column":26},"end":{"line":6,"column":79}}]},"1":{"type":"branch","line":6,"loc":{"start":{"line":6,"column":3},"end":{"line":6,"column":12}},"locations":[{"start":{"line":6,"column":3},"end":{"line":6,"column":12}}]},"2":{"type":"branch","line":8,"loc":{"start":{"line":8,"column":7},"end":{"line":28,"column":1}},"locations":[{"start":{"line":8,"column":7},"end":{"line":28,"column":1}}]},"3":{"type":"branch","line":13,"loc":{"start":{"line":13,"column":57},"end":{"line":18,"column":3}},"locations":[{"start":{"line":13,"column":57},"end":{"line":18,"column":3}}]},"4":{"type":"branch","line":15,"loc":{"start":{"line":15,"column":18},"end":{"line":15,"column":72}},"locations":[{"start":{"line":15,"column":18},"end":{"line":15,"column":72}}]},"5":{"type":"branch","line":15,"loc":{"start":{"line":15,"column":60},"end":{"line":15,"column":75}},"locations":[{"start":{"line":15,"column":60},"end":{"line":15,"column":75}}]},"6":{"type":"branch","line":23,"loc":{"start":{"line":23,"column":9},"end":{"line":23,"column":70}},"locations":[{"start":{"line":23,"column":9},"end":{"line":23,"column":70}}]},"7":{"type":"branch","line":23,"loc":{"start":{"line":23,"column":58},"end":{"line":23,"column":70}},"locations":[{"start":{"line":23,"column":58},"end":{"line":23,"column":70}}]},"8":{"type":"branch","line":26,"loc":{"start":{"line":26,"column":44},"end":{"line":26,"column":81}},"locations":[{"start":{"line":26,"column":44},"end":{"line":26,"column":81}}]}},"b":{"0":[8],"1":[1],"2":[6],"3":[3],"4":[1],"5":[2],"6":[7],"7":[0],"8":[3]},"fnMap":{"0":{"name":"escapeHtml","decl":{"start":{"line":5,"column":26},"end":{"line":6,"column":79}},"loc":{"start":{"line":5,"column":26},"end":{"line":6,"column":79}},"line":5},"1":{"name":"renderMarkdown","decl":{"start":{"line":8,"column":7},"end":{"line":28,"column":1}},"loc":{"start":{"line":8,"column":7},"end":{"line":28,"column":1}},"line":8}},"f":{"0":8,"1":6}}
,"/Users/alexyanchenko/code/your-org/pr-walkthrough/packages/runes/src/pr-url.ts": {"path":"/Users/alexyanchenko/code/your-org/pr-walkthrough/packages/runes/src/pr-url.ts","all":false,"statementMap":{"10":{"start":{"line":11,"column":0},"end":{"line":11,"column":95}},"13":{"start":{"line":14,"column":0},"end":{"line":14,"column":51}},"14":{"start":{"line":15,"column":0},"end":{"line":15,"column":110}},"15":{"start":{"line":16,"column":0},"end":{"line":16,"column":49}},"16":{"start":{"line":17,"column":0},"end":{"line":17,"column":28}},"17":{"start":{"line":18,"column":0},"end":{"line":18,"column":92}},"18":{"start":{"line":19,"column":0},"end":{"line":19,"column":47}},"19":{"start":{"line":20,"column":0},"end":{"line":20,"column":1}},"22":{"start":{"line":23,"column":0},"end":{"line":23,"column":44}},"23":{"start":{"line":24,"column":0},"end":{"line":24,"column":50}},"24":{"start":{"line":25,"column":0},"end":{"line":25,"column":38}},"25":{"start":{"line":26,"column":0},"end":{"line":26,"column":1}}},"s":{"10":1,"13":1,"14":10,"15":10,"16":5,"17":10,"18":3,"19":3,"22":1,"23":1,"24":1,"25":1},"branchMap":{"0":{"type":"branch","line":14,"loc":{"start":{"line":14,"column":7},"end":{"line":20,"column":1}},"locations":[{"start":{"line":14,"column":7},"end":{"line":20,"column":1}}]},"1":{"type":"branch","line":16,"loc":{"start":{"line":16,"column":10},"end":{"line":18,"column":31}},"locations":[{"start":{"line":16,"column":10},"end":{"line":18,"column":31}}]},"2":{"type":"branch","line":18,"loc":{"start":{"line":18,"column":26},"end":{"line":18,"column":53}},"locations":[{"start":{"line":18,"column":26},"end":{"line":18,"column":53}}]},"3":{"type":"branch","line":18,"loc":{"start":{"line":18,"column":53},"end":{"line":18,"column":92}},"locations":[{"start":{"line":18,"column":53},"end":{"line":18,"column":92}}]},"4":{"type":"branch","line":18,"loc":{"start":{"line":18,"column":90},"end":{"line":20,"column":1}},"locations":[{"start":{"line":18,"column":90},"end":{"line":20,"column":1}}]},"5":{"type":"branch","line":23,"loc":{"start":{"line":23,"column":7},"end":{"line":26,"column":1}},"locations":[{"start":{"line":23,"column":7},"end":{"line":26,"column":1}}]}},"b":{"0":[10],"1":[5],"2":[4],"3":[2],"4":[3],"5":[1]},"fnMap":{"0":{"name":"parsePrUrl","decl":{"start":{"line":14,"column":7},"end":{"line":20,"column":1}},"loc":{"start":{"line":14,"column":7},"end":{"line":20,"column":1}},"line":14},"1":{"name":"prKey","decl":{"start":{"line":23,"column":7},"end":{"line":26,"column":1}},"loc":{"start":{"line":23,"column":7},"end":{"line":26,"column":1}},"line":23}},"f":{"0":10,"1":1}}
,"/Users/alexyanchenko/code/your-org/pr-walkthrough/packages/runes/src/spec.ts": {"path":"/Users/alexyanchenko/code/your-org/pr-walkthrough/packages/runes/src/spec.ts","all":false,"statementMap":{"56":{"start":{"line":57,"column":0},"end":{"line":57,"column":69}},"57":{"start":{"line":58,"column":0},"end":{"line":58,"column":33}},"58":{"start":{"line":59,"column":0},"end":{"line":59,"column":10}},"59":{"start":{"line":60,"column":0},"end":{"line":60,"column":10}},"60":{"start":{"line":61,"column":0},"end":{"line":61,"column":28}},"61":{"start":{"line":62,"column":0},"end":{"line":62,"column":22}},"62":{"start":{"line":63,"column":0},"end":{"line":63,"column":13}},"63":{"start":{"line":64,"column":0},"end":{"line":64,"column":35}},"64":{"start":{"line":65,"column":0},"end":{"line":65,"column":29}},"65":{"start":{"line":66,"column":0},"end":{"line":66,"column":18}},"66":{"start":{"line":67,"column":0},"end":{"line":67,"column":104}},"67":{"start":{"line":68,"column":0},"end":{"line":68,"column":5}},"69":{"start":{"line":70,"column":0},"end":{"line":70,"column":1}}},"s":{"56":1,"57":7,"58":7,"59":7,"60":6,"61":5,"62":4,"63":3,"64":3,"65":2,"66":2,"67":2,"69":7},"branchMap":{"0":{"type":"branch","line":57,"loc":{"start":{"line":57,"column":7},"end":{"line":70,"column":1}},"locations":[{"start":{"line":57,"column":7},"end":{"line":70,"column":1}}]},"1":{"type":"branch","line":60,"loc":{"start":{"line":60,"column":6},"end":{"line":61,"column":28}},"locations":[{"start":{"line":60,"column":6},"end":{"line":61,"column":28}}]},"2":{"type":"branch","line":61,"loc":{"start":{"line":61,"column":17},"end":{"line":62,"column":22}},"locations":[{"start":{"line":61,"column":17},"end":{"line":62,"column":22}}]},"3":{"type":"branch","line":62,"loc":{"start":{"line":62,"column":18},"end":{"line":63,"column":13}},"locations":[{"start":{"line":62,"column":18},"end":{"line":63,"column":13}}]},"4":{"type":"branch","line":63,"loc":{"start":{"line":63,"column":8},"end":{"line":64,"column":35}},"locations":[{"start":{"line":63,"column":8},"end":{"line":64,"column":35}}]},"5":{"type":"branch","line":64,"loc":{"start":{"line":64,"column":24},"end":{"line":65,"column":29}},"locations":[{"start":{"line":64,"column":24},"end":{"line":65,"column":29}}]},"6":{"type":"branch","line":65,"loc":{"start":{"line":65,"column":25},"end":{"line":68,"column":5}},"locations":[{"start":{"line":65,"column":25},"end":{"line":68,"column":5}}]},"7":{"type":"branch","line":67,"loc":{"start":{"line":67,"column":6},"end":{"line":67,"column":104}},"locations":[{"start":{"line":67,"column":6},"end":{"line":67,"column":104}}]},"8":{"type":"branch","line":67,"loc":{"start":{"line":67,"column":62},"end":{"line":67,"column":104}},"locations":[{"start":{"line":67,"column":62},"end":{"line":67,"column":104}}]}},"b":{"0":[7],"1":[6],"2":[5],"3":[4],"4":[3],"5":[3],"6":[2],"7":[2],"8":[1]},"fnMap":{"0":{"name":"isWalkthroughSpec","decl":{"start":{"line":57,"column":7},"end":{"line":70,"column":1}},"loc":{"start":{"line":57,"column":7},"end":{"line":70,"column":1}},"line":57}},"f":{"0":7}}
}
